[0.014s] Invoking command in '/home/hmuegyi/Documents/Test_Ros2_ws/build/homework_pkg': CMAKE_PREFIX_PATH=${CMAKE_PREFIX_PATH}:/opt/ros/humble /usr/bin/cmake /home/hmuegyi/Documents/Test_Ros2_ws/src/homework_pkg -DCMAKE_INSTALL_PREFIX=/home/hmuegyi/Documents/Test_Ros2_ws/install/homework_pkg
[0.086s] -- The C compiler identification is GNU 11.4.0
[0.155s] -- The CXX compiler identification is GNU 11.4.0
[0.164s] -- Detecting C compiler ABI info
[0.259s] -- Detecting C compiler ABI info - done
[0.266s] -- Check for working C compiler: /usr/bin/cc - skipped
[0.266s] -- Detecting C compile features
[0.267s] -- Detecting C compile features - done
[0.270s] -- Detecting CXX compiler ABI info
[0.374s] -- Detecting CXX compiler ABI info - done
[0.382s] -- Check for working CXX compiler: /usr/bin/c++ - skipped
[0.382s] -- Detecting CXX compile features
[0.383s] -- Detecting CXX compile features - done
[0.391s] -- Found ament_cmake: 1.3.11 (/opt/ros/humble/share/ament_cmake/cmake)
[0.578s] -- Found Python3: /usr/bin/python3 (found version "3.10.12") found components: Interpreter 
[0.728s] [31mCMake Error at CMakeLists.txt:10 (find_package):
[0.728s]   By not providing "Findrclpp.cmake" in CMAKE_MODULE_PATH this project has
[0.728s]   asked CMake to find a package configuration file provided by "rclpp", but
[0.728s]   CMake did not find one.
[0.728s] 
[0.728s]   Could not find a package configuration file provided by "rclpp" with any of
[0.728s]   the following names:
[0.728s] 
[0.728s]     rclppConfig.cmake
[0.728s]     rclpp-config.cmake
[0.729s] 
[0.729s]   Add the installation prefix of "rclpp" to CMAKE_PREFIX_PATH or set
[0.729s]   "rclpp_DIR" to a directory containing one of the above files.  If "rclpp"
[0.729s]   provides a separate development package or SDK, be sure it has been
[0.729s]   installed.
[0.729s] 
[0.729s] [0m
[0.729s] -- Configuring incomplete, errors occurred!
[0.729s] See also "/home/hmuegyi/Documents/Test_Ros2_ws/build/homework_pkg/CMakeFiles/CMakeOutput.log".
[0.734s] Invoked command in '/home/hmuegyi/Documents/Test_Ros2_ws/build/homework_pkg' returned '1': CMAKE_PREFIX_PATH=${CMAKE_PREFIX_PATH}:/opt/ros/humble /usr/bin/cmake /home/hmuegyi/Documents/Test_Ros2_ws/src/homework_pkg -DCMAKE_INSTALL_PREFIX=/home/hmuegyi/Documents/Test_Ros2_ws/install/homework_pkg
