[0.016s] Invoking command in '/home/hmuegyi/Documents/Test_Ros2_ws/build/more_interfaces': CMAKE_PREFIX_PATH=${CMAKE_PREFIX_PATH}:/opt/ros/humble /usr/bin/cmake /home/hmuegyi/Documents/Test_Ros2_ws/src/more_interfaces -DCMAKE_INSTALL_PREFIX=/home/hmuegyi/Documents/Test_Ros2_ws/install/more_interfaces
[0.090s] -- The C compiler identification is GNU 11.4.0
[0.167s] -- The CXX compiler identification is GNU 11.4.0
[0.177s] -- Detecting C compiler ABI info
[0.277s] -- Detecting C compiler ABI info - done
[0.285s] -- Check for working C compiler: /usr/bin/cc - skipped
[0.285s] -- Detecting C compile features
[0.285s] -- Detecting C compile features - done
[0.289s] -- Detecting CXX compiler ABI info
[0.405s] -- Detecting CXX compiler ABI info - done
[0.413s] -- Check for working CXX compiler: /usr/bin/c++ - skipped
[0.414s] -- Detecting CXX compile features
[0.414s] -- Detecting CXX compile features - done
[0.420s] -- Found ament_cmake: 1.3.11 (/opt/ros/humble/share/ament_cmake/cmake)
[0.633s] -- Found Python3: /usr/bin/python3 (found version "3.10.12") found components: Interpreter 
[0.790s] -- Found rclcpp: 16.0.12 (/opt/ros/humble/share/rclcpp/cmake)
[0.881s] -- Found rosidl_generator_c: 3.1.6 (/opt/ros/humble/share/rosidl_generator_c/cmake)
[0.891s] -- Found rosidl_adapter: 3.1.6 (/opt/ros/humble/share/rosidl_adapter/cmake)
[0.912s] -- Found rosidl_generator_cpp: 3.1.6 (/opt/ros/humble/share/rosidl_generator_cpp/cmake)
[0.937s] -- Using all available rosidl_typesupport_c: rosidl_typesupport_fastrtps_c;rosidl_typesupport_introspection_c
[0.968s] -- Using all available rosidl_typesupport_cpp: rosidl_typesupport_fastrtps_cpp;rosidl_typesupport_introspection_cpp
[1.057s] -- Found rmw_implementation_cmake: 6.1.2 (/opt/ros/humble/share/rmw_implementation_cmake/cmake)
[1.064s] -- Found rmw_fastrtps_cpp: 6.2.7 (/opt/ros/humble/share/rmw_fastrtps_cpp/cmake)
[1.216s] -- Found OpenSSL: /usr/lib/x86_64-linux-gnu/libcrypto.so (found version "3.0.2")  
[1.263s] -- Found FastRTPS: /opt/ros/humble/include  
[1.334s] -- Using RMW implementation 'rmw_fastrtps_cpp' as default
[1.353s] -- Looking for pthread.h
[1.461s] -- Looking for pthread.h - found
[1.462s] -- Performing Test CMAKE_HAVE_LIBC_PTHREAD
[1.572s] -- Performing Test CMAKE_HAVE_LIBC_PTHREAD - Success
[1.573s] -- Found Threads: TRUE  
[1.660s] -- Found ament_lint_auto: 0.12.12 (/opt/ros/humble/share/ament_lint_auto/cmake)
[1.791s] -- Added test 'lint_cmake' to check CMake code style
[1.794s] -- Added test 'xmllint' to check XML markup files
[1.796s] -- Configuring done
[1.803s] -- Generating done
[1.807s] -- Build files have been written to: /home/hmuegyi/Documents/Test_Ros2_ws/build/more_interfaces
[1.827s] Invoked command in '/home/hmuegyi/Documents/Test_Ros2_ws/build/more_interfaces' returned '0': CMAKE_PREFIX_PATH=${CMAKE_PREFIX_PATH}:/opt/ros/humble /usr/bin/cmake /home/hmuegyi/Documents/Test_Ros2_ws/src/more_interfaces -DCMAKE_INSTALL_PREFIX=/home/hmuegyi/Documents/Test_Ros2_ws/install/more_interfaces
[1.830s] Invoking command in '/home/hmuegyi/Documents/Test_Ros2_ws/build/more_interfaces': CMAKE_PREFIX_PATH=${CMAKE_PREFIX_PATH}:/opt/ros/humble /usr/bin/cmake --build /home/hmuegyi/Documents/Test_Ros2_ws/build/more_interfaces -- -j12 -l12
[1.893s] Invoked command in '/home/hmuegyi/Documents/Test_Ros2_ws/build/more_interfaces' returned '0': CMAKE_PREFIX_PATH=${CMAKE_PREFIX_PATH}:/opt/ros/humble /usr/bin/cmake --build /home/hmuegyi/Documents/Test_Ros2_ws/build/more_interfaces -- -j12 -l12
[1.907s] Invoking command in '/home/hmuegyi/Documents/Test_Ros2_ws/build/more_interfaces': CMAKE_PREFIX_PATH=${CMAKE_PREFIX_PATH}:/opt/ros/humble /usr/bin/cmake --install /home/hmuegyi/Documents/Test_Ros2_ws/build/more_interfaces
[1.918s] -- Install configuration: ""
[1.918s] -- Installing: /home/hmuegyi/Documents/Test_Ros2_ws/install/more_interfaces/share/ament_index/resource_index/package_run_dependencies/more_interfaces
[1.918s] -- Installing: /home/hmuegyi/Documents/Test_Ros2_ws/install/more_interfaces/share/ament_index/resource_index/parent_prefix_path/more_interfaces
[1.919s] -- Installing: /home/hmuegyi/Documents/Test_Ros2_ws/install/more_interfaces/share/more_interfaces/environment/ament_prefix_path.sh
[1.919s] -- Installing: /home/hmuegyi/Documents/Test_Ros2_ws/install/more_interfaces/share/more_interfaces/environment/ament_prefix_path.dsv
[1.919s] -- Installing: /home/hmuegyi/Documents/Test_Ros2_ws/install/more_interfaces/share/more_interfaces/environment/path.sh
[1.919s] -- Installing: /home/hmuegyi/Documents/Test_Ros2_ws/install/more_interfaces/share/more_interfaces/environment/path.dsv
[1.920s] -- Installing: /home/hmuegyi/Documents/Test_Ros2_ws/install/more_interfaces/share/more_interfaces/local_setup.bash
[1.920s] -- Installing: /home/hmuegyi/Documents/Test_Ros2_ws/install/more_interfaces/share/more_interfaces/local_setup.sh
[1.920s] -- Installing: /home/hmuegyi/Documents/Test_Ros2_ws/install/more_interfaces/share/more_interfaces/local_setup.zsh
[1.920s] -- Installing: /home/hmuegyi/Documents/Test_Ros2_ws/install/more_interfaces/share/more_interfaces/local_setup.dsv
[1.920s] -- Installing: /home/hmuegyi/Documents/Test_Ros2_ws/install/more_interfaces/share/more_interfaces/package.dsv
[1.921s] -- Installing: /home/hmuegyi/Documents/Test_Ros2_ws/install/more_interfaces/share/ament_index/resource_index/packages/more_interfaces
[1.921s] -- Installing: /home/hmuegyi/Documents/Test_Ros2_ws/install/more_interfaces/share/more_interfaces/cmake/more_interfacesConfig.cmake
[1.921s] -- Installing: /home/hmuegyi/Documents/Test_Ros2_ws/install/more_interfaces/share/more_interfaces/cmake/more_interfacesConfig-version.cmake
[1.921s] -- Installing: /home/hmuegyi/Documents/Test_Ros2_ws/install/more_interfaces/share/more_interfaces/package.xml
[1.925s] Invoked command in '/home/hmuegyi/Documents/Test_Ros2_ws/build/more_interfaces' returned '0': CMAKE_PREFIX_PATH=${CMAKE_PREFIX_PATH}:/opt/ros/humble /usr/bin/cmake --install /home/hmuegyi/Documents/Test_Ros2_ws/build/more_interfaces
