[0.138s] DEBUG:colcon:Command line arguments: ['/usr/bin/colcon', 'build']
[0.138s] DEBUG:colcon:Parsed command line arguments: Namespace(log_base=None, log_level=None, verb_name='build', build_base='build', install_base='install', merge_install=False, symlink_install=False, test_result_base=None, continue_on_error=False, executor='parallel', parallel_workers=12, event_handlers=None, ignore_user_meta=False, metas=['./colcon.meta'], base_paths=['.'], packages_ignore=None, packages_ignore_regex=None, paths=None, packages_up_to=None, packages_up_to_regex=None, packages_above=None, packages_above_and_dependencies=None, packages_above_depth=None, packages_select_by_dep=None, packages_skip_by_dep=None, packages_skip_up_to=None, packages_select_build_failed=False, packages_skip_build_finished=False, packages_select_test_failures=False, packages_skip_test_passed=False, packages_select=None, packages_skip=None, packages_select_regex=None, packages_skip_regex=None, packages_start=None, packages_end=None, allow_overriding=[], cmake_args=None, cmake_target=None, cmake_target_skip_unavailable=False, cmake_clean_cache=False, cmake_clean_first=False, cmake_force_configure=False, ament_cmake_args=None, catkin_cmake_args=None, catkin_skip_building_tests=False, mixin_files=None, mixin=None, verb_parser=<colcon_mixin.mixin.mixin_argument.MixinArgumentDecorator object at 0x71befbb08fd0>, verb_extension=<colcon_core.verb.build.BuildVerb object at 0x71befbc9a560>, main=<bound method BuildVerb.main of <colcon_core.verb.build.BuildVerb object at 0x71befbc9a560>>, mixin_verb=('build',))
[0.421s] Level 1:colcon.colcon_core.package_discovery:discover_packages(colcon_meta) check parameters
[0.421s] Level 1:colcon.colcon_core.package_discovery:discover_packages(recursive) check parameters
[0.421s] Level 1:colcon.colcon_core.package_discovery:discover_packages(ignore) check parameters
[0.421s] Level 1:colcon.colcon_core.package_discovery:discover_packages(path) check parameters
[0.421s] Level 1:colcon.colcon_core.package_discovery:discover_packages(colcon_meta) discover
[0.421s] Level 1:colcon.colcon_core.package_discovery:discover_packages(recursive) discover
[0.422s] INFO:colcon.colcon_core.package_discovery:Crawling recursively for packages in '/home/hmuegyi/Documents/Test_Ros2_ws'
[0.422s] Level 1:colcon.colcon_core.package_identification:_identify(.) by extensions ['ignore', 'ignore_ament_install']
[0.422s] Level 1:colcon.colcon_core.package_identification:_identify(.) by extension 'ignore'
[0.422s] Level 1:colcon.colcon_core.package_identification:_identify(.) by extension 'ignore_ament_install'
[0.422s] Level 1:colcon.colcon_core.package_identification:_identify(.) by extensions ['colcon_pkg']
[0.422s] Level 1:colcon.colcon_core.package_identification:_identify(.) by extension 'colcon_pkg'
[0.422s] Level 1:colcon.colcon_core.package_identification:_identify(.) by extensions ['colcon_meta']
[0.422s] Level 1:colcon.colcon_core.package_identification:_identify(.) by extension 'colcon_meta'
[0.422s] Level 1:colcon.colcon_core.package_identification:_identify(.) by extensions ['ros']
[0.422s] Level 1:colcon.colcon_core.package_identification:_identify(.) by extension 'ros'
[0.437s] Level 1:colcon.colcon_core.package_identification:_identify(.) by extensions ['cmake', 'python']
[0.437s] Level 1:colcon.colcon_core.package_identification:_identify(.) by extension 'cmake'
[0.438s] Level 1:colcon.colcon_core.package_identification:_identify(.) by extension 'python'
[0.438s] Level 1:colcon.colcon_core.package_identification:_identify(.) by extensions ['python_setup_py']
[0.438s] Level 1:colcon.colcon_core.package_identification:_identify(.) by extension 'python_setup_py'
[0.438s] Level 1:colcon.colcon_core.package_identification:_identify(build) by extensions ['ignore', 'ignore_ament_install']
[0.438s] Level 1:colcon.colcon_core.package_identification:_identify(build) by extension 'ignore'
[0.438s] Level 1:colcon.colcon_core.package_identification:_identify(build) ignored
[0.438s] Level 1:colcon.colcon_core.package_identification:_identify(install) by extensions ['ignore', 'ignore_ament_install']
[0.438s] Level 1:colcon.colcon_core.package_identification:_identify(install) by extension 'ignore'
[0.439s] Level 1:colcon.colcon_core.package_identification:_identify(install) ignored
[0.439s] Level 1:colcon.colcon_core.package_identification:_identify(log) by extensions ['ignore', 'ignore_ament_install']
[0.439s] Level 1:colcon.colcon_core.package_identification:_identify(log) by extension 'ignore'
[0.439s] Level 1:colcon.colcon_core.package_identification:_identify(log) ignored
[0.439s] Level 1:colcon.colcon_core.package_identification:_identify(src) by extensions ['ignore', 'ignore_ament_install']
[0.439s] Level 1:colcon.colcon_core.package_identification:_identify(src) by extension 'ignore'
[0.439s] Level 1:colcon.colcon_core.package_identification:_identify(src) by extension 'ignore_ament_install'
[0.439s] Level 1:colcon.colcon_core.package_identification:_identify(src) by extensions ['colcon_pkg']
[0.439s] Level 1:colcon.colcon_core.package_identification:_identify(src) by extension 'colcon_pkg'
[0.439s] Level 1:colcon.colcon_core.package_identification:_identify(src) by extensions ['colcon_meta']
[0.440s] Level 1:colcon.colcon_core.package_identification:_identify(src) by extension 'colcon_meta'
[0.440s] Level 1:colcon.colcon_core.package_identification:_identify(src) by extensions ['ros']
[0.440s] Level 1:colcon.colcon_core.package_identification:_identify(src) by extension 'ros'
[0.440s] Level 1:colcon.colcon_core.package_identification:_identify(src) by extensions ['cmake', 'python']
[0.440s] Level 1:colcon.colcon_core.package_identification:_identify(src) by extension 'cmake'
[0.440s] Level 1:colcon.colcon_core.package_identification:_identify(src) by extension 'python'
[0.440s] Level 1:colcon.colcon_core.package_identification:_identify(src) by extensions ['python_setup_py']
[0.440s] Level 1:colcon.colcon_core.package_identification:_identify(src) by extension 'python_setup_py'
[0.440s] Level 1:colcon.colcon_core.package_identification:_identify(src/homework_pkg) by extensions ['ignore', 'ignore_ament_install']
[0.440s] Level 1:colcon.colcon_core.package_identification:_identify(src/homework_pkg) by extension 'ignore'
[0.440s] Level 1:colcon.colcon_core.package_identification:_identify(src/homework_pkg) by extension 'ignore_ament_install'
[0.440s] Level 1:colcon.colcon_core.package_identification:_identify(src/homework_pkg) by extensions ['colcon_pkg']
[0.440s] Level 1:colcon.colcon_core.package_identification:_identify(src/homework_pkg) by extension 'colcon_pkg'
[0.440s] Level 1:colcon.colcon_core.package_identification:_identify(src/homework_pkg) by extensions ['colcon_meta']
[0.440s] Level 1:colcon.colcon_core.package_identification:_identify(src/homework_pkg) by extension 'colcon_meta'
[0.441s] Level 1:colcon.colcon_core.package_identification:_identify(src/homework_pkg) by extensions ['ros']
[0.441s] Level 1:colcon.colcon_core.package_identification:_identify(src/homework_pkg) by extension 'ros'
[0.453s] DEBUG:colcon.colcon_core.package_identification:Package 'src/homework_pkg' with type 'ros.ament_cmake' and name 'homework_pkg'
[0.453s] Level 1:colcon.colcon_core.package_identification:_identify(src/more_interfaces) by extensions ['ignore', 'ignore_ament_install']
[0.453s] Level 1:colcon.colcon_core.package_identification:_identify(src/more_interfaces) by extension 'ignore'
[0.453s] Level 1:colcon.colcon_core.package_identification:_identify(src/more_interfaces) by extension 'ignore_ament_install'
[0.453s] Level 1:colcon.colcon_core.package_identification:_identify(src/more_interfaces) by extensions ['colcon_pkg']
[0.453s] Level 1:colcon.colcon_core.package_identification:_identify(src/more_interfaces) by extension 'colcon_pkg'
[0.453s] Level 1:colcon.colcon_core.package_identification:_identify(src/more_interfaces) by extensions ['colcon_meta']
[0.453s] Level 1:colcon.colcon_core.package_identification:_identify(src/more_interfaces) by extension 'colcon_meta'
[0.454s] Level 1:colcon.colcon_core.package_identification:_identify(src/more_interfaces) by extensions ['ros']
[0.454s] Level 1:colcon.colcon_core.package_identification:_identify(src/more_interfaces) by extension 'ros'
[0.454s] DEBUG:colcon.colcon_core.package_identification:Package 'src/more_interfaces' with type 'ros.ament_cmake' and name 'more_interfaces'
[0.454s] Level 1:colcon.colcon_core.package_discovery:discover_packages(recursive) using defaults
[0.454s] Level 1:colcon.colcon_core.package_discovery:discover_packages(ignore) discover
[0.454s] Level 1:colcon.colcon_core.package_discovery:discover_packages(ignore) using defaults
[0.454s] Level 1:colcon.colcon_core.package_discovery:discover_packages(path) discover
[0.454s] Level 1:colcon.colcon_core.package_discovery:discover_packages(path) using defaults
[0.479s] Level 1:colcon.colcon_core.package_discovery:discover_packages(prefix_path) check parameters
[0.479s] Level 1:colcon.colcon_core.package_discovery:discover_packages(prefix_path) discover
[0.482s] DEBUG:colcon.colcon_installed_package_information.package_discovery:Found 4 installed packages in /home/hmuegyi/Documents/Custom_ws/install
[0.482s] DEBUG:colcon.colcon_installed_package_information.package_discovery:Found 2 installed packages in /home/hmuegyi/Documents/Test_Ros2_ws/install
[0.483s] DEBUG:colcon.colcon_installed_package_information.package_discovery:Found 1 installed packages in /home/hmuegyi/hmue_ws/install
[0.485s] DEBUG:colcon.colcon_installed_package_information.package_discovery:Found 387 installed packages in /opt/ros/humble
[0.487s] Level 1:colcon.colcon_core.package_discovery:discover_packages(prefix_path) using defaults
[0.547s] Level 5:colcon.colcon_core.verb:set package 'homework_pkg' build argument 'cmake_args' from command line to 'None'
[0.548s] Level 5:colcon.colcon_core.verb:set package 'homework_pkg' build argument 'cmake_target' from command line to 'None'
[0.548s] Level 5:colcon.colcon_core.verb:set package 'homework_pkg' build argument 'cmake_target_skip_unavailable' from command line to 'False'
[0.548s] Level 5:colcon.colcon_core.verb:set package 'homework_pkg' build argument 'cmake_clean_cache' from command line to 'False'
[0.548s] Level 5:colcon.colcon_core.verb:set package 'homework_pkg' build argument 'cmake_clean_first' from command line to 'False'
[0.548s] Level 5:colcon.colcon_core.verb:set package 'homework_pkg' build argument 'cmake_force_configure' from command line to 'False'
[0.548s] Level 5:colcon.colcon_core.verb:set package 'homework_pkg' build argument 'ament_cmake_args' from command line to 'None'
[0.548s] Level 5:colcon.colcon_core.verb:set package 'homework_pkg' build argument 'catkin_cmake_args' from command line to 'None'
[0.548s] Level 5:colcon.colcon_core.verb:set package 'homework_pkg' build argument 'catkin_skip_building_tests' from command line to 'False'
[0.548s] DEBUG:colcon.colcon_core.verb:Building package 'homework_pkg' with the following arguments: {'ament_cmake_args': None, 'build_base': '/home/hmuegyi/Documents/Test_Ros2_ws/build/homework_pkg', 'catkin_cmake_args': None, 'catkin_skip_building_tests': False, 'cmake_args': None, 'cmake_clean_cache': False, 'cmake_clean_first': False, 'cmake_force_configure': False, 'cmake_target': None, 'cmake_target_skip_unavailable': False, 'install_base': '/home/hmuegyi/Documents/Test_Ros2_ws/install/homework_pkg', 'merge_install': False, 'path': '/home/hmuegyi/Documents/Test_Ros2_ws/src/homework_pkg', 'symlink_install': False, 'test_result_base': None}
[0.548s] Level 5:colcon.colcon_core.verb:set package 'more_interfaces' build argument 'cmake_args' from command line to 'None'
[0.548s] Level 5:colcon.colcon_core.verb:set package 'more_interfaces' build argument 'cmake_target' from command line to 'None'
[0.548s] Level 5:colcon.colcon_core.verb:set package 'more_interfaces' build argument 'cmake_target_skip_unavailable' from command line to 'False'
[0.548s] Level 5:colcon.colcon_core.verb:set package 'more_interfaces' build argument 'cmake_clean_cache' from command line to 'False'
[0.548s] Level 5:colcon.colcon_core.verb:set package 'more_interfaces' build argument 'cmake_clean_first' from command line to 'False'
[0.549s] Level 5:colcon.colcon_core.verb:set package 'more_interfaces' build argument 'cmake_force_configure' from command line to 'False'
[0.549s] Level 5:colcon.colcon_core.verb:set package 'more_interfaces' build argument 'ament_cmake_args' from command line to 'None'
[0.549s] Level 5:colcon.colcon_core.verb:set package 'more_interfaces' build argument 'catkin_cmake_args' from command line to 'None'
[0.549s] Level 5:colcon.colcon_core.verb:set package 'more_interfaces' build argument 'catkin_skip_building_tests' from command line to 'False'
[0.549s] DEBUG:colcon.colcon_core.verb:Building package 'more_interfaces' with the following arguments: {'ament_cmake_args': None, 'build_base': '/home/hmuegyi/Documents/Test_Ros2_ws/build/more_interfaces', 'catkin_cmake_args': None, 'catkin_skip_building_tests': False, 'cmake_args': None, 'cmake_clean_cache': False, 'cmake_clean_first': False, 'cmake_force_configure': False, 'cmake_target': None, 'cmake_target_skip_unavailable': False, 'install_base': '/home/hmuegyi/Documents/Test_Ros2_ws/install/more_interfaces', 'merge_install': False, 'path': '/home/hmuegyi/Documents/Test_Ros2_ws/src/more_interfaces', 'symlink_install': False, 'test_result_base': None}
[0.549s] INFO:colcon.colcon_core.executor:Executing jobs using 'parallel' executor
[0.550s] DEBUG:colcon.colcon_parallel_executor.executor.parallel:run_until_complete
[0.551s] INFO:colcon.colcon_ros.task.ament_cmake.build:Building ROS package in '/home/hmuegyi/Documents/Test_Ros2_ws/src/homework_pkg' with build type 'ament_cmake'
[0.551s] INFO:colcon.colcon_cmake.task.cmake.build:Building CMake package in '/home/hmuegyi/Documents/Test_Ros2_ws/src/homework_pkg'
[0.554s] INFO:colcon.colcon_core.plugin_system:Skipping extension 'colcon_core.shell.bat': Not used on non-Windows systems
[0.554s] INFO:colcon.colcon_core.shell:Skip shell extension 'powershell' for command environment: Not usable outside of PowerShell
[0.554s] DEBUG:colcon.colcon_core.shell:Skip shell extension 'dsv' for command environment
[0.560s] INFO:colcon.colcon_ros.task.ament_cmake.build:Building ROS package in '/home/hmuegyi/Documents/Test_Ros2_ws/src/more_interfaces' with build type 'ament_cmake'
[0.560s] INFO:colcon.colcon_cmake.task.cmake.build:Building CMake package in '/home/hmuegyi/Documents/Test_Ros2_ws/src/more_interfaces'
[0.560s] INFO:colcon.colcon_core.shell:Skip shell extension 'powershell' for command environment: Not usable outside of PowerShell
[0.560s] DEBUG:colcon.colcon_core.shell:Skip shell extension 'dsv' for command environment
[0.574s] DEBUG:colcon.colcon_core.event_handler.log_command:Invoking command in '/home/hmuegyi/Documents/Test_Ros2_ws/build/homework_pkg': CMAKE_PREFIX_PATH=${CMAKE_PREFIX_PATH}:/opt/ros/humble /usr/bin/cmake --build /home/hmuegyi/Documents/Test_Ros2_ws/build/homework_pkg -- -j12 -l12
[0.578s] DEBUG:colcon.colcon_core.event_handler.log_command:Invoking command in '/home/hmuegyi/Documents/Test_Ros2_ws/build/more_interfaces': CMAKE_PREFIX_PATH=${CMAKE_PREFIX_PATH}:/opt/ros/humble /usr/bin/cmake --build /home/hmuegyi/Documents/Test_Ros2_ws/build/more_interfaces -- -j12 -l12
[0.689s] DEBUG:colcon.colcon_core.event_handler.log_command:Invoked command in '/home/hmuegyi/Documents/Test_Ros2_ws/build/homework_pkg' returned '0': CMAKE_PREFIX_PATH=${CMAKE_PREFIX_PATH}:/opt/ros/humble /usr/bin/cmake --build /home/hmuegyi/Documents/Test_Ros2_ws/build/homework_pkg -- -j12 -l12
[0.706s] DEBUG:colcon.colcon_core.event_handler.log_command:Invoking command in '/home/hmuegyi/Documents/Test_Ros2_ws/build/homework_pkg': CMAKE_PREFIX_PATH=${CMAKE_PREFIX_PATH}:/opt/ros/humble /usr/bin/cmake --install /home/hmuegyi/Documents/Test_Ros2_ws/build/homework_pkg
[0.724s] Level 1:colcon.colcon_core.environment:create_environment_scripts_only(homework_pkg)
[0.725s] DEBUG:colcon.colcon_core.event_handler.log_command:Invoked command in '/home/hmuegyi/Documents/Test_Ros2_ws/build/homework_pkg' returned '0': CMAKE_PREFIX_PATH=${CMAKE_PREFIX_PATH}:/opt/ros/humble /usr/bin/cmake --install /home/hmuegyi/Documents/Test_Ros2_ws/build/homework_pkg
[0.728s] Level 1:colcon.colcon_core.environment:checking '/home/hmuegyi/Documents/Test_Ros2_ws/install/homework_pkg' for CMake module files
[0.728s] Level 1:colcon.colcon_core.environment:checking '/home/hmuegyi/Documents/Test_Ros2_ws/install/homework_pkg' for CMake config files
[0.729s] Level 1:colcon.colcon_core.shell:create_environment_hook('homework_pkg', 'cmake_prefix_path')
[0.729s] INFO:colcon.colcon_core.shell:Creating environment hook '/home/hmuegyi/Documents/Test_Ros2_ws/install/homework_pkg/share/homework_pkg/hook/cmake_prefix_path.ps1'
[0.730s] INFO:colcon.colcon_core.shell:Creating environment descriptor '/home/hmuegyi/Documents/Test_Ros2_ws/install/homework_pkg/share/homework_pkg/hook/cmake_prefix_path.dsv'
[0.730s] INFO:colcon.colcon_core.shell:Creating environment hook '/home/hmuegyi/Documents/Test_Ros2_ws/install/homework_pkg/share/homework_pkg/hook/cmake_prefix_path.sh'
[0.732s] Level 1:colcon.colcon_core.environment:checking '/home/hmuegyi/Documents/Test_Ros2_ws/install/homework_pkg/lib'
[0.732s] Level 1:colcon.colcon_core.environment:checking '/home/hmuegyi/Documents/Test_Ros2_ws/install/homework_pkg/bin'
[0.732s] Level 1:colcon.colcon_core.environment:checking '/home/hmuegyi/Documents/Test_Ros2_ws/install/homework_pkg/lib/pkgconfig/homework_pkg.pc'
[0.732s] Level 1:colcon.colcon_core.environment:checking '/home/hmuegyi/Documents/Test_Ros2_ws/install/homework_pkg/lib/python3.10/site-packages'
[0.732s] Level 1:colcon.colcon_core.environment:checking '/home/hmuegyi/Documents/Test_Ros2_ws/install/homework_pkg/bin'
[0.733s] INFO:colcon.colcon_core.shell:Creating package script '/home/hmuegyi/Documents/Test_Ros2_ws/install/homework_pkg/share/homework_pkg/package.ps1'
[0.734s] INFO:colcon.colcon_core.shell:Creating package descriptor '/home/hmuegyi/Documents/Test_Ros2_ws/install/homework_pkg/share/homework_pkg/package.dsv'
[0.734s] INFO:colcon.colcon_core.shell:Creating package script '/home/hmuegyi/Documents/Test_Ros2_ws/install/homework_pkg/share/homework_pkg/package.sh'
[0.735s] INFO:colcon.colcon_core.shell:Creating package script '/home/hmuegyi/Documents/Test_Ros2_ws/install/homework_pkg/share/homework_pkg/package.bash'
[0.736s] INFO:colcon.colcon_core.shell:Creating package script '/home/hmuegyi/Documents/Test_Ros2_ws/install/homework_pkg/share/homework_pkg/package.zsh'
[0.737s] Level 1:colcon.colcon_core.environment:create_file_with_runtime_dependencies(/home/hmuegyi/Documents/Test_Ros2_ws/install/homework_pkg/share/colcon-core/packages/homework_pkg)
[0.737s] Level 1:colcon.colcon_core.environment:create_environment_scripts_only(homework_pkg)
[0.738s] Level 1:colcon.colcon_core.environment:checking '/home/hmuegyi/Documents/Test_Ros2_ws/install/homework_pkg' for CMake module files
[0.739s] Level 1:colcon.colcon_core.environment:checking '/home/hmuegyi/Documents/Test_Ros2_ws/install/homework_pkg' for CMake config files
[0.739s] Level 1:colcon.colcon_core.shell:create_environment_hook('homework_pkg', 'cmake_prefix_path')
[0.739s] INFO:colcon.colcon_core.shell:Creating environment hook '/home/hmuegyi/Documents/Test_Ros2_ws/install/homework_pkg/share/homework_pkg/hook/cmake_prefix_path.ps1'
[0.740s] INFO:colcon.colcon_core.shell:Creating environment descriptor '/home/hmuegyi/Documents/Test_Ros2_ws/install/homework_pkg/share/homework_pkg/hook/cmake_prefix_path.dsv'
[0.741s] INFO:colcon.colcon_core.shell:Creating environment hook '/home/hmuegyi/Documents/Test_Ros2_ws/install/homework_pkg/share/homework_pkg/hook/cmake_prefix_path.sh'
[0.741s] Level 1:colcon.colcon_core.environment:checking '/home/hmuegyi/Documents/Test_Ros2_ws/install/homework_pkg/lib'
[0.742s] Level 1:colcon.colcon_core.environment:checking '/home/hmuegyi/Documents/Test_Ros2_ws/install/homework_pkg/bin'
[0.742s] Level 1:colcon.colcon_core.environment:checking '/home/hmuegyi/Documents/Test_Ros2_ws/install/homework_pkg/lib/pkgconfig/homework_pkg.pc'
[0.742s] Level 1:colcon.colcon_core.environment:checking '/home/hmuegyi/Documents/Test_Ros2_ws/install/homework_pkg/lib/python3.10/site-packages'
[0.742s] Level 1:colcon.colcon_core.environment:checking '/home/hmuegyi/Documents/Test_Ros2_ws/install/homework_pkg/bin'
[0.743s] INFO:colcon.colcon_core.shell:Creating package script '/home/hmuegyi/Documents/Test_Ros2_ws/install/homework_pkg/share/homework_pkg/package.ps1'
[0.743s] INFO:colcon.colcon_core.shell:Creating package descriptor '/home/hmuegyi/Documents/Test_Ros2_ws/install/homework_pkg/share/homework_pkg/package.dsv'
[0.744s] INFO:colcon.colcon_core.shell:Creating package script '/home/hmuegyi/Documents/Test_Ros2_ws/install/homework_pkg/share/homework_pkg/package.sh'
[0.744s] INFO:colcon.colcon_core.shell:Creating package script '/home/hmuegyi/Documents/Test_Ros2_ws/install/homework_pkg/share/homework_pkg/package.bash'
[0.745s] INFO:colcon.colcon_core.shell:Creating package script '/home/hmuegyi/Documents/Test_Ros2_ws/install/homework_pkg/share/homework_pkg/package.zsh'
[0.745s] Level 1:colcon.colcon_core.environment:create_file_with_runtime_dependencies(/home/hmuegyi/Documents/Test_Ros2_ws/install/homework_pkg/share/colcon-core/packages/homework_pkg)
[8.666s] DEBUG:colcon.colcon_core.event_handler.log_command:Invoked command in '/home/hmuegyi/Documents/Test_Ros2_ws/build/more_interfaces' returned '0': CMAKE_PREFIX_PATH=${CMAKE_PREFIX_PATH}:/opt/ros/humble /usr/bin/cmake --build /home/hmuegyi/Documents/Test_Ros2_ws/build/more_interfaces -- -j12 -l12
[8.668s] DEBUG:colcon.colcon_core.event_handler.log_command:Invoking command in '/home/hmuegyi/Documents/Test_Ros2_ws/build/more_interfaces': CMAKE_PREFIX_PATH=${CMAKE_PREFIX_PATH}:/opt/ros/humble /usr/bin/cmake --install /home/hmuegyi/Documents/Test_Ros2_ws/build/more_interfaces
[8.760s] Level 1:colcon.colcon_core.environment:create_environment_scripts_only(more_interfaces)
[8.761s] Level 1:colcon.colcon_core.environment:checking '/home/hmuegyi/Documents/Test_Ros2_ws/install/more_interfaces' for CMake module files
[8.762s] DEBUG:colcon.colcon_core.event_handler.log_command:Invoked command in '/home/hmuegyi/Documents/Test_Ros2_ws/build/more_interfaces' returned '0': CMAKE_PREFIX_PATH=${CMAKE_PREFIX_PATH}:/opt/ros/humble /usr/bin/cmake --install /home/hmuegyi/Documents/Test_Ros2_ws/build/more_interfaces
[8.762s] Level 1:colcon.colcon_core.environment:checking '/home/hmuegyi/Documents/Test_Ros2_ws/install/more_interfaces' for CMake config files
[8.763s] Level 1:colcon.colcon_core.shell:create_environment_hook('more_interfaces', 'cmake_prefix_path')
[8.763s] INFO:colcon.colcon_core.shell:Creating environment hook '/home/hmuegyi/Documents/Test_Ros2_ws/install/more_interfaces/share/more_interfaces/hook/cmake_prefix_path.ps1'
[8.764s] INFO:colcon.colcon_core.shell:Creating environment descriptor '/home/hmuegyi/Documents/Test_Ros2_ws/install/more_interfaces/share/more_interfaces/hook/cmake_prefix_path.dsv'
[8.764s] INFO:colcon.colcon_core.shell:Creating environment hook '/home/hmuegyi/Documents/Test_Ros2_ws/install/more_interfaces/share/more_interfaces/hook/cmake_prefix_path.sh'
[8.765s] Level 1:colcon.colcon_core.environment:checking '/home/hmuegyi/Documents/Test_Ros2_ws/install/more_interfaces/lib'
[8.765s] Level 1:colcon.colcon_core.shell:create_environment_hook('more_interfaces', 'ld_library_path_lib')
[8.766s] INFO:colcon.colcon_core.shell:Creating environment hook '/home/hmuegyi/Documents/Test_Ros2_ws/install/more_interfaces/share/more_interfaces/hook/ld_library_path_lib.ps1'
[8.766s] INFO:colcon.colcon_core.shell:Creating environment descriptor '/home/hmuegyi/Documents/Test_Ros2_ws/install/more_interfaces/share/more_interfaces/hook/ld_library_path_lib.dsv'
[8.766s] INFO:colcon.colcon_core.shell:Creating environment hook '/home/hmuegyi/Documents/Test_Ros2_ws/install/more_interfaces/share/more_interfaces/hook/ld_library_path_lib.sh'
[8.767s] Level 1:colcon.colcon_core.environment:checking '/home/hmuegyi/Documents/Test_Ros2_ws/install/more_interfaces/bin'
[8.767s] Level 1:colcon.colcon_core.environment:checking '/home/hmuegyi/Documents/Test_Ros2_ws/install/more_interfaces/lib/pkgconfig/more_interfaces.pc'
[8.767s] Level 1:colcon.colcon_core.environment:checking '/home/hmuegyi/Documents/Test_Ros2_ws/install/more_interfaces/lib/python3.10/site-packages'
[8.767s] Level 1:colcon.colcon_core.environment:checking '/home/hmuegyi/Documents/Test_Ros2_ws/install/more_interfaces/bin'
[8.768s] INFO:colcon.colcon_core.shell:Creating package script '/home/hmuegyi/Documents/Test_Ros2_ws/install/more_interfaces/share/more_interfaces/package.ps1'
[8.768s] INFO:colcon.colcon_core.shell:Creating package descriptor '/home/hmuegyi/Documents/Test_Ros2_ws/install/more_interfaces/share/more_interfaces/package.dsv'
[8.769s] INFO:colcon.colcon_core.shell:Creating package script '/home/hmuegyi/Documents/Test_Ros2_ws/install/more_interfaces/share/more_interfaces/package.sh'
[8.769s] INFO:colcon.colcon_core.shell:Creating package script '/home/hmuegyi/Documents/Test_Ros2_ws/install/more_interfaces/share/more_interfaces/package.bash'
[8.770s] INFO:colcon.colcon_core.shell:Creating package script '/home/hmuegyi/Documents/Test_Ros2_ws/install/more_interfaces/share/more_interfaces/package.zsh'
[8.770s] Level 1:colcon.colcon_core.environment:create_file_with_runtime_dependencies(/home/hmuegyi/Documents/Test_Ros2_ws/install/more_interfaces/share/colcon-core/packages/more_interfaces)
[8.771s] Level 1:colcon.colcon_core.environment:create_environment_scripts_only(more_interfaces)
[8.771s] Level 1:colcon.colcon_core.environment:checking '/home/hmuegyi/Documents/Test_Ros2_ws/install/more_interfaces' for CMake module files
[8.772s] Level 1:colcon.colcon_core.environment:checking '/home/hmuegyi/Documents/Test_Ros2_ws/install/more_interfaces' for CMake config files
[8.772s] Level 1:colcon.colcon_core.shell:create_environment_hook('more_interfaces', 'cmake_prefix_path')
[8.772s] INFO:colcon.colcon_core.shell:Creating environment hook '/home/hmuegyi/Documents/Test_Ros2_ws/install/more_interfaces/share/more_interfaces/hook/cmake_prefix_path.ps1'
[8.773s] INFO:colcon.colcon_core.shell:Creating environment descriptor '/home/hmuegyi/Documents/Test_Ros2_ws/install/more_interfaces/share/more_interfaces/hook/cmake_prefix_path.dsv'
[8.773s] INFO:colcon.colcon_core.shell:Creating environment hook '/home/hmuegyi/Documents/Test_Ros2_ws/install/more_interfaces/share/more_interfaces/hook/cmake_prefix_path.sh'
[8.774s] Level 1:colcon.colcon_core.environment:checking '/home/hmuegyi/Documents/Test_Ros2_ws/install/more_interfaces/lib'
[8.774s] Level 1:colcon.colcon_core.shell:create_environment_hook('more_interfaces', 'ld_library_path_lib')
[8.774s] INFO:colcon.colcon_core.shell:Creating environment hook '/home/hmuegyi/Documents/Test_Ros2_ws/install/more_interfaces/share/more_interfaces/hook/ld_library_path_lib.ps1'
[8.775s] INFO:colcon.colcon_core.shell:Creating environment descriptor '/home/hmuegyi/Documents/Test_Ros2_ws/install/more_interfaces/share/more_interfaces/hook/ld_library_path_lib.dsv'
[8.776s] INFO:colcon.colcon_core.shell:Creating environment hook '/home/hmuegyi/Documents/Test_Ros2_ws/install/more_interfaces/share/more_interfaces/hook/ld_library_path_lib.sh'
[8.776s] Level 1:colcon.colcon_core.environment:checking '/home/hmuegyi/Documents/Test_Ros2_ws/install/more_interfaces/bin'
[8.776s] Level 1:colcon.colcon_core.environment:checking '/home/hmuegyi/Documents/Test_Ros2_ws/install/more_interfaces/lib/pkgconfig/more_interfaces.pc'
[8.777s] Level 1:colcon.colcon_core.environment:checking '/home/hmuegyi/Documents/Test_Ros2_ws/install/more_interfaces/lib/python3.10/site-packages'
[8.777s] Level 1:colcon.colcon_core.environment:checking '/home/hmuegyi/Documents/Test_Ros2_ws/install/more_interfaces/bin'
[8.777s] INFO:colcon.colcon_core.shell:Creating package script '/home/hmuegyi/Documents/Test_Ros2_ws/install/more_interfaces/share/more_interfaces/package.ps1'
[8.778s] INFO:colcon.colcon_core.shell:Creating package descriptor '/home/hmuegyi/Documents/Test_Ros2_ws/install/more_interfaces/share/more_interfaces/package.dsv'
[8.779s] INFO:colcon.colcon_core.shell:Creating package script '/home/hmuegyi/Documents/Test_Ros2_ws/install/more_interfaces/share/more_interfaces/package.sh'
[8.779s] INFO:colcon.colcon_core.shell:Creating package script '/home/hmuegyi/Documents/Test_Ros2_ws/install/more_interfaces/share/more_interfaces/package.bash'
[8.780s] INFO:colcon.colcon_core.shell:Creating package script '/home/hmuegyi/Documents/Test_Ros2_ws/install/more_interfaces/share/more_interfaces/package.zsh'
[8.780s] Level 1:colcon.colcon_core.environment:create_file_with_runtime_dependencies(/home/hmuegyi/Documents/Test_Ros2_ws/install/more_interfaces/share/colcon-core/packages/more_interfaces)
[8.781s] DEBUG:colcon.colcon_parallel_executor.executor.parallel:closing loop
[8.782s] DEBUG:colcon.colcon_parallel_executor.executor.parallel:loop closed
[8.782s] DEBUG:colcon.colcon_parallel_executor.executor.parallel:run_until_complete finished with '0'
[8.782s] DEBUG:colcon.colcon_core.event_reactor:joining thread
[8.788s] INFO:colcon.colcon_core.plugin_system:Skipping extension 'colcon_notification.desktop_notification.terminal_notifier': Not used on non-Darwin systems
[8.789s] INFO:colcon.colcon_core.plugin_system:Skipping extension 'colcon_notification.desktop_notification.win32': Not used on non-Windows systems
[8.789s] INFO:colcon.colcon_notification.desktop_notification:Sending desktop notification using 'notify2'
[8.803s] DEBUG:colcon.colcon_core.event_reactor:joined thread
[8.803s] INFO:colcon.colcon_core.shell:Creating prefix script '/home/hmuegyi/Documents/Test_Ros2_ws/install/local_setup.ps1'
[8.804s] INFO:colcon.colcon_core.shell:Creating prefix util module '/home/hmuegyi/Documents/Test_Ros2_ws/install/_local_setup_util_ps1.py'
[8.806s] INFO:colcon.colcon_core.shell:Creating prefix chain script '/home/hmuegyi/Documents/Test_Ros2_ws/install/setup.ps1'
[8.807s] INFO:colcon.colcon_core.shell:Creating prefix script '/home/hmuegyi/Documents/Test_Ros2_ws/install/local_setup.sh'
[8.808s] INFO:colcon.colcon_core.shell:Creating prefix util module '/home/hmuegyi/Documents/Test_Ros2_ws/install/_local_setup_util_sh.py'
[8.809s] INFO:colcon.colcon_core.shell:Creating prefix chain script '/home/hmuegyi/Documents/Test_Ros2_ws/install/setup.sh'
[8.811s] INFO:colcon.colcon_core.shell:Creating prefix script '/home/hmuegyi/Documents/Test_Ros2_ws/install/local_setup.bash'
[8.811s] INFO:colcon.colcon_core.shell:Creating prefix chain script '/home/hmuegyi/Documents/Test_Ros2_ws/install/setup.bash'
[8.813s] INFO:colcon.colcon_core.shell:Creating prefix script '/home/hmuegyi/Documents/Test_Ros2_ws/install/local_setup.zsh'
[8.813s] INFO:colcon.colcon_core.shell:Creating prefix chain script '/home/hmuegyi/Documents/Test_Ros2_ws/install/setup.zsh'
