[0.131s] DEBUG:colcon:Command line arguments: ['/usr/bin/colcon', 'build']
[0.131s] DEBUG:colcon:Parsed command line arguments: Namespace(log_base=None, log_level=None, verb_name='build', build_base='build', install_base='install', merge_install=False, symlink_install=False, test_result_base=None, continue_on_error=False, executor='parallel', parallel_workers=12, event_handlers=None, ignore_user_meta=False, metas=['./colcon.meta'], base_paths=['.'], packages_ignore=None, packages_ignore_regex=None, paths=None, packages_up_to=None, packages_up_to_regex=None, packages_above=None, packages_above_and_dependencies=None, packages_above_depth=None, packages_select_by_dep=None, packages_skip_by_dep=None, packages_skip_up_to=None, packages_select_build_failed=False, packages_skip_build_finished=False, packages_select_test_failures=False, packages_skip_test_passed=False, packages_select=None, packages_skip=None, packages_select_regex=None, packages_skip_regex=None, packages_start=None, packages_end=None, allow_overriding=[], cmake_args=None, cmake_target=None, cmake_target_skip_unavailable=False, cmake_clean_cache=False, cmake_clean_first=False, cmake_force_configure=False, ament_cmake_args=None, catkin_cmake_args=None, catkin_skip_building_tests=False, mixin_files=None, mixin=None, verb_parser=<colcon_mixin.mixin.mixin_argument.MixinArgumentDecorator object at 0x75659b108cd0>, verb_extension=<colcon_core.verb.build.BuildVerb object at 0x75659b29a260>, main=<bound method BuildVerb.main of <colcon_core.verb.build.BuildVerb object at 0x75659b29a260>>, mixin_verb=('build',))
[0.458s] Level 1:colcon.colcon_core.package_discovery:discover_packages(colcon_meta) check parameters
[0.458s] Level 1:colcon.colcon_core.package_discovery:discover_packages(recursive) check parameters
[0.458s] Level 1:colcon.colcon_core.package_discovery:discover_packages(ignore) check parameters
[0.458s] Level 1:colcon.colcon_core.package_discovery:discover_packages(path) check parameters
[0.458s] Level 1:colcon.colcon_core.package_discovery:discover_packages(colcon_meta) discover
[0.459s] Level 1:colcon.colcon_core.package_discovery:discover_packages(recursive) discover
[0.459s] INFO:colcon.colcon_core.package_discovery:Crawling recursively for packages in '/home/hmuegyi/Documents/Test_Ros2_ws'
[0.459s] Level 1:colcon.colcon_core.package_identification:_identify(.) by extensions ['ignore', 'ignore_ament_install']
[0.459s] Level 1:colcon.colcon_core.package_identification:_identify(.) by extension 'ignore'
[0.459s] Level 1:colcon.colcon_core.package_identification:_identify(.) by extension 'ignore_ament_install'
[0.459s] Level 1:colcon.colcon_core.package_identification:_identify(.) by extensions ['colcon_pkg']
[0.459s] Level 1:colcon.colcon_core.package_identification:_identify(.) by extension 'colcon_pkg'
[0.459s] Level 1:colcon.colcon_core.package_identification:_identify(.) by extensions ['colcon_meta']
[0.459s] Level 1:colcon.colcon_core.package_identification:_identify(.) by extension 'colcon_meta'
[0.459s] Level 1:colcon.colcon_core.package_identification:_identify(.) by extensions ['ros']
[0.459s] Level 1:colcon.colcon_core.package_identification:_identify(.) by extension 'ros'
[0.472s] Level 1:colcon.colcon_core.package_identification:_identify(.) by extensions ['cmake', 'python']
[0.472s] Level 1:colcon.colcon_core.package_identification:_identify(.) by extension 'cmake'
[0.473s] Level 1:colcon.colcon_core.package_identification:_identify(.) by extension 'python'
[0.473s] Level 1:colcon.colcon_core.package_identification:_identify(.) by extensions ['python_setup_py']
[0.473s] Level 1:colcon.colcon_core.package_identification:_identify(.) by extension 'python_setup_py'
[0.473s] Level 1:colcon.colcon_core.package_identification:_identify(build) by extensions ['ignore', 'ignore_ament_install']
[0.473s] Level 1:colcon.colcon_core.package_identification:_identify(build) by extension 'ignore'
[0.473s] Level 1:colcon.colcon_core.package_identification:_identify(build) ignored
[0.473s] Level 1:colcon.colcon_core.package_identification:_identify(install) by extensions ['ignore', 'ignore_ament_install']
[0.473s] Level 1:colcon.colcon_core.package_identification:_identify(install) by extension 'ignore'
[0.473s] Level 1:colcon.colcon_core.package_identification:_identify(install) ignored
[0.473s] Level 1:colcon.colcon_core.package_identification:_identify(log) by extensions ['ignore', 'ignore_ament_install']
[0.474s] Level 1:colcon.colcon_core.package_identification:_identify(log) by extension 'ignore'
[0.474s] Level 1:colcon.colcon_core.package_identification:_identify(log) ignored
[0.474s] Level 1:colcon.colcon_core.package_identification:_identify(src) by extensions ['ignore', 'ignore_ament_install']
[0.474s] Level 1:colcon.colcon_core.package_identification:_identify(src) by extension 'ignore'
[0.474s] Level 1:colcon.colcon_core.package_identification:_identify(src) by extension 'ignore_ament_install'
[0.474s] Level 1:colcon.colcon_core.package_identification:_identify(src) by extensions ['colcon_pkg']
[0.474s] Level 1:colcon.colcon_core.package_identification:_identify(src) by extension 'colcon_pkg'
[0.474s] Level 1:colcon.colcon_core.package_identification:_identify(src) by extensions ['colcon_meta']
[0.474s] Level 1:colcon.colcon_core.package_identification:_identify(src) by extension 'colcon_meta'
[0.474s] Level 1:colcon.colcon_core.package_identification:_identify(src) by extensions ['ros']
[0.474s] Level 1:colcon.colcon_core.package_identification:_identify(src) by extension 'ros'
[0.474s] Level 1:colcon.colcon_core.package_identification:_identify(src) by extensions ['cmake', 'python']
[0.475s] Level 1:colcon.colcon_core.package_identification:_identify(src) by extension 'cmake'
[0.475s] Level 1:colcon.colcon_core.package_identification:_identify(src) by extension 'python'
[0.475s] Level 1:colcon.colcon_core.package_identification:_identify(src) by extensions ['python_setup_py']
[0.475s] Level 1:colcon.colcon_core.package_identification:_identify(src) by extension 'python_setup_py'
[0.475s] Level 1:colcon.colcon_core.package_identification:_identify(src/homework_pkg) by extensions ['ignore', 'ignore_ament_install']
[0.475s] Level 1:colcon.colcon_core.package_identification:_identify(src/homework_pkg) by extension 'ignore'
[0.475s] Level 1:colcon.colcon_core.package_identification:_identify(src/homework_pkg) by extension 'ignore_ament_install'
[0.475s] Level 1:colcon.colcon_core.package_identification:_identify(src/homework_pkg) by extensions ['colcon_pkg']
[0.475s] Level 1:colcon.colcon_core.package_identification:_identify(src/homework_pkg) by extension 'colcon_pkg'
[0.475s] Level 1:colcon.colcon_core.package_identification:_identify(src/homework_pkg) by extensions ['colcon_meta']
[0.475s] Level 1:colcon.colcon_core.package_identification:_identify(src/homework_pkg) by extension 'colcon_meta'
[0.475s] Level 1:colcon.colcon_core.package_identification:_identify(src/homework_pkg) by extensions ['ros']
[0.475s] Level 1:colcon.colcon_core.package_identification:_identify(src/homework_pkg) by extension 'ros'
[0.479s] DEBUG:colcon.colcon_core.package_identification:Package 'src/homework_pkg' with type 'ros.ament_cmake' and name 'homework_pkg'
[0.480s] Level 1:colcon.colcon_core.package_discovery:discover_packages(recursive) using defaults
[0.480s] Level 1:colcon.colcon_core.package_discovery:discover_packages(ignore) discover
[0.480s] Level 1:colcon.colcon_core.package_discovery:discover_packages(ignore) using defaults
[0.480s] Level 1:colcon.colcon_core.package_discovery:discover_packages(path) discover
[0.480s] Level 1:colcon.colcon_core.package_discovery:discover_packages(path) using defaults
[0.505s] Level 1:colcon.colcon_core.package_discovery:discover_packages(prefix_path) check parameters
[0.505s] Level 1:colcon.colcon_core.package_discovery:discover_packages(prefix_path) discover
[0.507s] DEBUG:colcon.colcon_installed_package_information.package_discovery:Found 1 installed packages in /home/hmuegyi/Documents/Test_Ros2_ws/install
[0.508s] DEBUG:colcon.colcon_installed_package_information.package_discovery:Found 1 installed packages in /home/hmuegyi/hmue_ws/install
[0.510s] DEBUG:colcon.colcon_installed_package_information.package_discovery:Found 387 installed packages in /opt/ros/humble
[0.513s] Level 1:colcon.colcon_core.package_discovery:discover_packages(prefix_path) using defaults
[0.623s] Level 5:colcon.colcon_core.verb:set package 'homework_pkg' build argument 'cmake_args' from command line to 'None'
[0.624s] Level 5:colcon.colcon_core.verb:set package 'homework_pkg' build argument 'cmake_target' from command line to 'None'
[0.624s] Level 5:colcon.colcon_core.verb:set package 'homework_pkg' build argument 'cmake_target_skip_unavailable' from command line to 'False'
[0.624s] Level 5:colcon.colcon_core.verb:set package 'homework_pkg' build argument 'cmake_clean_cache' from command line to 'False'
[0.624s] Level 5:colcon.colcon_core.verb:set package 'homework_pkg' build argument 'cmake_clean_first' from command line to 'False'
[0.624s] Level 5:colcon.colcon_core.verb:set package 'homework_pkg' build argument 'cmake_force_configure' from command line to 'False'
[0.624s] Level 5:colcon.colcon_core.verb:set package 'homework_pkg' build argument 'ament_cmake_args' from command line to 'None'
[0.624s] Level 5:colcon.colcon_core.verb:set package 'homework_pkg' build argument 'catkin_cmake_args' from command line to 'None'
[0.624s] Level 5:colcon.colcon_core.verb:set package 'homework_pkg' build argument 'catkin_skip_building_tests' from command line to 'False'
[0.624s] DEBUG:colcon.colcon_core.verb:Building package 'homework_pkg' with the following arguments: {'ament_cmake_args': None, 'build_base': '/home/hmuegyi/Documents/Test_Ros2_ws/build/homework_pkg', 'catkin_cmake_args': None, 'catkin_skip_building_tests': False, 'cmake_args': None, 'cmake_clean_cache': False, 'cmake_clean_first': False, 'cmake_force_configure': False, 'cmake_target': None, 'cmake_target_skip_unavailable': False, 'install_base': '/home/hmuegyi/Documents/Test_Ros2_ws/install/homework_pkg', 'merge_install': False, 'path': '/home/hmuegyi/Documents/Test_Ros2_ws/src/homework_pkg', 'symlink_install': False, 'test_result_base': None}
[0.624s] INFO:colcon.colcon_core.executor:Executing jobs using 'parallel' executor
[0.628s] DEBUG:colcon.colcon_parallel_executor.executor.parallel:run_until_complete
[0.628s] INFO:colcon.colcon_ros.task.ament_cmake.build:Building ROS package in '/home/hmuegyi/Documents/Test_Ros2_ws/src/homework_pkg' with build type 'ament_cmake'
[0.629s] INFO:colcon.colcon_cmake.task.cmake.build:Building CMake package in '/home/hmuegyi/Documents/Test_Ros2_ws/src/homework_pkg'
[0.631s] INFO:colcon.colcon_core.plugin_system:Skipping extension 'colcon_core.shell.bat': Not used on non-Windows systems
[0.632s] INFO:colcon.colcon_core.shell:Skip shell extension 'powershell' for command environment: Not usable outside of PowerShell
[0.632s] DEBUG:colcon.colcon_core.shell:Skip shell extension 'dsv' for command environment
[0.647s] DEBUG:colcon.colcon_core.event_handler.log_command:Invoking command in '/home/hmuegyi/Documents/Test_Ros2_ws/build/homework_pkg': CMAKE_PREFIX_PATH=${CMAKE_PREFIX_PATH}:/opt/ros/humble /usr/bin/cmake --build /home/hmuegyi/Documents/Test_Ros2_ws/build/homework_pkg -- -j12 -l12
[6.390s] DEBUG:colcon.colcon_core.event_handler.log_command:Invoked command in '/home/hmuegyi/Documents/Test_Ros2_ws/build/homework_pkg' returned '0': CMAKE_PREFIX_PATH=${CMAKE_PREFIX_PATH}:/opt/ros/humble /usr/bin/cmake --build /home/hmuegyi/Documents/Test_Ros2_ws/build/homework_pkg -- -j12 -l12
[6.417s] DEBUG:colcon.colcon_core.event_handler.log_command:Invoking command in '/home/hmuegyi/Documents/Test_Ros2_ws/build/homework_pkg': CMAKE_PREFIX_PATH=${CMAKE_PREFIX_PATH}:/opt/ros/humble /usr/bin/cmake --install /home/hmuegyi/Documents/Test_Ros2_ws/build/homework_pkg
[6.434s] Level 1:colcon.colcon_core.environment:create_environment_scripts_only(homework_pkg)
[6.435s] DEBUG:colcon.colcon_core.event_handler.log_command:Invoked command in '/home/hmuegyi/Documents/Test_Ros2_ws/build/homework_pkg' returned '0': CMAKE_PREFIX_PATH=${CMAKE_PREFIX_PATH}:/opt/ros/humble /usr/bin/cmake --install /home/hmuegyi/Documents/Test_Ros2_ws/build/homework_pkg
[6.439s] Level 1:colcon.colcon_core.environment:checking '/home/hmuegyi/Documents/Test_Ros2_ws/install/homework_pkg' for CMake module files
[6.440s] Level 1:colcon.colcon_core.environment:checking '/home/hmuegyi/Documents/Test_Ros2_ws/install/homework_pkg' for CMake config files
[6.440s] Level 1:colcon.colcon_core.shell:create_environment_hook('homework_pkg', 'cmake_prefix_path')
[6.441s] INFO:colcon.colcon_core.shell:Creating environment hook '/home/hmuegyi/Documents/Test_Ros2_ws/install/homework_pkg/share/homework_pkg/hook/cmake_prefix_path.ps1'
[6.442s] INFO:colcon.colcon_core.shell:Creating environment descriptor '/home/hmuegyi/Documents/Test_Ros2_ws/install/homework_pkg/share/homework_pkg/hook/cmake_prefix_path.dsv'
[6.442s] INFO:colcon.colcon_core.shell:Creating environment hook '/home/hmuegyi/Documents/Test_Ros2_ws/install/homework_pkg/share/homework_pkg/hook/cmake_prefix_path.sh'
[6.444s] Level 1:colcon.colcon_core.environment:checking '/home/hmuegyi/Documents/Test_Ros2_ws/install/homework_pkg/lib'
[6.444s] Level 1:colcon.colcon_core.environment:checking '/home/hmuegyi/Documents/Test_Ros2_ws/install/homework_pkg/bin'
[6.444s] Level 1:colcon.colcon_core.environment:checking '/home/hmuegyi/Documents/Test_Ros2_ws/install/homework_pkg/lib/pkgconfig/homework_pkg.pc'
[6.445s] Level 1:colcon.colcon_core.environment:checking '/home/hmuegyi/Documents/Test_Ros2_ws/install/homework_pkg/lib/python3.10/site-packages'
[6.445s] Level 1:colcon.colcon_core.environment:checking '/home/hmuegyi/Documents/Test_Ros2_ws/install/homework_pkg/bin'
[6.446s] INFO:colcon.colcon_core.shell:Creating package script '/home/hmuegyi/Documents/Test_Ros2_ws/install/homework_pkg/share/homework_pkg/package.ps1'
[6.447s] INFO:colcon.colcon_core.shell:Creating package descriptor '/home/hmuegyi/Documents/Test_Ros2_ws/install/homework_pkg/share/homework_pkg/package.dsv'
[6.449s] INFO:colcon.colcon_core.shell:Creating package script '/home/hmuegyi/Documents/Test_Ros2_ws/install/homework_pkg/share/homework_pkg/package.sh'
[6.450s] INFO:colcon.colcon_core.shell:Creating package script '/home/hmuegyi/Documents/Test_Ros2_ws/install/homework_pkg/share/homework_pkg/package.bash'
[6.451s] INFO:colcon.colcon_core.shell:Creating package script '/home/hmuegyi/Documents/Test_Ros2_ws/install/homework_pkg/share/homework_pkg/package.zsh'
[6.452s] Level 1:colcon.colcon_core.environment:create_file_with_runtime_dependencies(/home/hmuegyi/Documents/Test_Ros2_ws/install/homework_pkg/share/colcon-core/packages/homework_pkg)
[6.453s] Level 1:colcon.colcon_core.environment:create_environment_scripts_only(homework_pkg)
[6.453s] Level 1:colcon.colcon_core.environment:checking '/home/hmuegyi/Documents/Test_Ros2_ws/install/homework_pkg' for CMake module files
[6.453s] Level 1:colcon.colcon_core.environment:checking '/home/hmuegyi/Documents/Test_Ros2_ws/install/homework_pkg' for CMake config files
[6.454s] Level 1:colcon.colcon_core.shell:create_environment_hook('homework_pkg', 'cmake_prefix_path')
[6.454s] INFO:colcon.colcon_core.shell:Creating environment hook '/home/hmuegyi/Documents/Test_Ros2_ws/install/homework_pkg/share/homework_pkg/hook/cmake_prefix_path.ps1'
[6.455s] INFO:colcon.colcon_core.shell:Creating environment descriptor '/home/hmuegyi/Documents/Test_Ros2_ws/install/homework_pkg/share/homework_pkg/hook/cmake_prefix_path.dsv'
[6.455s] INFO:colcon.colcon_core.shell:Creating environment hook '/home/hmuegyi/Documents/Test_Ros2_ws/install/homework_pkg/share/homework_pkg/hook/cmake_prefix_path.sh'
[6.456s] Level 1:colcon.colcon_core.environment:checking '/home/hmuegyi/Documents/Test_Ros2_ws/install/homework_pkg/lib'
[6.456s] Level 1:colcon.colcon_core.environment:checking '/home/hmuegyi/Documents/Test_Ros2_ws/install/homework_pkg/bin'
[6.456s] Level 1:colcon.colcon_core.environment:checking '/home/hmuegyi/Documents/Test_Ros2_ws/install/homework_pkg/lib/pkgconfig/homework_pkg.pc'
[6.456s] Level 1:colcon.colcon_core.environment:checking '/home/hmuegyi/Documents/Test_Ros2_ws/install/homework_pkg/lib/python3.10/site-packages'
[6.457s] Level 1:colcon.colcon_core.environment:checking '/home/hmuegyi/Documents/Test_Ros2_ws/install/homework_pkg/bin'
[6.457s] INFO:colcon.colcon_core.shell:Creating package script '/home/hmuegyi/Documents/Test_Ros2_ws/install/homework_pkg/share/homework_pkg/package.ps1'
[6.458s] INFO:colcon.colcon_core.shell:Creating package descriptor '/home/hmuegyi/Documents/Test_Ros2_ws/install/homework_pkg/share/homework_pkg/package.dsv'
[6.458s] INFO:colcon.colcon_core.shell:Creating package script '/home/hmuegyi/Documents/Test_Ros2_ws/install/homework_pkg/share/homework_pkg/package.sh'
[6.459s] INFO:colcon.colcon_core.shell:Creating package script '/home/hmuegyi/Documents/Test_Ros2_ws/install/homework_pkg/share/homework_pkg/package.bash'
[6.460s] INFO:colcon.colcon_core.shell:Creating package script '/home/hmuegyi/Documents/Test_Ros2_ws/install/homework_pkg/share/homework_pkg/package.zsh'
[6.460s] Level 1:colcon.colcon_core.environment:create_file_with_runtime_dependencies(/home/hmuegyi/Documents/Test_Ros2_ws/install/homework_pkg/share/colcon-core/packages/homework_pkg)
[6.461s] DEBUG:colcon.colcon_parallel_executor.executor.parallel:closing loop
[6.461s] DEBUG:colcon.colcon_parallel_executor.executor.parallel:loop closed
[6.461s] DEBUG:colcon.colcon_parallel_executor.executor.parallel:run_until_complete finished with '0'
[6.461s] DEBUG:colcon.colcon_core.event_reactor:joining thread
[6.468s] INFO:colcon.colcon_core.plugin_system:Skipping extension 'colcon_notification.desktop_notification.terminal_notifier': Not used on non-Darwin systems
[6.468s] INFO:colcon.colcon_core.plugin_system:Skipping extension 'colcon_notification.desktop_notification.win32': Not used on non-Windows systems
[6.468s] INFO:colcon.colcon_notification.desktop_notification:Sending desktop notification using 'notify2'
[6.483s] DEBUG:colcon.colcon_core.event_reactor:joined thread
[6.484s] INFO:colcon.colcon_core.shell:Creating prefix script '/home/hmuegyi/Documents/Test_Ros2_ws/install/local_setup.ps1'
[6.485s] INFO:colcon.colcon_core.shell:Creating prefix util module '/home/hmuegyi/Documents/Test_Ros2_ws/install/_local_setup_util_ps1.py'
[6.486s] INFO:colcon.colcon_core.shell:Creating prefix chain script '/home/hmuegyi/Documents/Test_Ros2_ws/install/setup.ps1'
[6.490s] INFO:colcon.colcon_core.shell:Creating prefix script '/home/hmuegyi/Documents/Test_Ros2_ws/install/local_setup.sh'
[6.492s] INFO:colcon.colcon_core.shell:Creating prefix util module '/home/hmuegyi/Documents/Test_Ros2_ws/install/_local_setup_util_sh.py'
[6.493s] INFO:colcon.colcon_core.shell:Creating prefix chain script '/home/hmuegyi/Documents/Test_Ros2_ws/install/setup.sh'
[6.496s] INFO:colcon.colcon_core.shell:Creating prefix script '/home/hmuegyi/Documents/Test_Ros2_ws/install/local_setup.bash'
[6.497s] INFO:colcon.colcon_core.shell:Creating prefix chain script '/home/hmuegyi/Documents/Test_Ros2_ws/install/setup.bash'
[6.500s] INFO:colcon.colcon_core.shell:Creating prefix script '/home/hmuegyi/Documents/Test_Ros2_ws/install/local_setup.zsh'
[6.501s] INFO:colcon.colcon_core.shell:Creating prefix chain script '/home/hmuegyi/Documents/Test_Ros2_ws/install/setup.zsh'
