[0.018s] Invoking command in '/home/hmuegyi/Documents/Test_Ros2_ws/build/homework_pkg': CMAKE_PREFIX_PATH=${CMAKE_PREFIX_PATH}:/opt/ros/humble /usr/bin/cmake --build /home/hmuegyi/Documents/Test_Ros2_ws/build/homework_pkg -- -j12 -l12
[0.092s] [35m[1mConsolidate compiler generated dependencies of target draw_cyc[0m
[0.113s] [ 60%] Built target increment_publisher
[0.113s] [ 80%] Built target draw_square
[0.113s] [ 80%] Built target subscriber
[0.113s] [ 80%] Built target increment_num5_publisher
[0.123s] [ 90%] [32mBuilding CXX object CMakeFiles/draw_cyc.dir/src/cycle/draw_cycle.cpp.o[0m
[5.455s] [100%] [32m[1mLinking CXX executable draw_cyc[0m
[5.652s] [100%] Built target draw_cyc
[5.669s] Invoked command in '/home/hmuegyi/Documents/Test_Ros2_ws/build/homework_pkg' returned '0': CMAKE_PREFIX_PATH=${CMAKE_PREFIX_PATH}:/opt/ros/humble /usr/bin/cmake --build /home/hmuegyi/Documents/Test_Ros2_ws/build/homework_pkg -- -j12 -l12
[5.682s] Invoking command in '/home/hmuegyi/Documents/Test_Ros2_ws/build/homework_pkg': CMAKE_PREFIX_PATH=${CMAKE_PREFIX_PATH}:/opt/ros/humble /usr/bin/cmake --install /home/hmuegyi/Documents/Test_Ros2_ws/build/homework_pkg
[5.692s] -- Install configuration: ""
[5.692s] -- Installing: /home/hmuegyi/Documents/Test_Ros2_ws/install/homework_pkg/lib/homework_pkg/draw_cyc
[5.695s] -- Set runtime path of "/home/hmuegyi/Documents/Test_Ros2_ws/install/homework_pkg/lib/homework_pkg/draw_cyc" to ""
[5.695s] -- Up-to-date: /home/hmuegyi/Documents/Test_Ros2_ws/install/homework_pkg/lib/homework_pkg/draw_square
[5.696s] -- Up-to-date: /home/hmuegyi/Documents/Test_Ros2_ws/install/homework_pkg/lib/homework_pkg/increment_publisher
[5.696s] -- Up-to-date: /home/hmuegyi/Documents/Test_Ros2_ws/install/homework_pkg/lib/homework_pkg/increment_num5_publisher
[5.697s] -- Up-to-date: /home/hmuegyi/Documents/Test_Ros2_ws/install/homework_pkg/lib/homework_pkg/subscriber
[5.697s] -- Up-to-date: /home/hmuegyi/Documents/Test_Ros2_ws/install/homework_pkg/share/ament_index/resource_index/package_run_dependencies/homework_pkg
[5.697s] -- Up-to-date: /home/hmuegyi/Documents/Test_Ros2_ws/install/homework_pkg/share/ament_index/resource_index/parent_prefix_path/homework_pkg
[5.697s] -- Up-to-date: /home/hmuegyi/Documents/Test_Ros2_ws/install/homework_pkg/share/homework_pkg/environment/ament_prefix_path.sh
[5.698s] -- Up-to-date: /home/hmuegyi/Documents/Test_Ros2_ws/install/homework_pkg/share/homework_pkg/environment/ament_prefix_path.dsv
[5.698s] -- Up-to-date: /home/hmuegyi/Documents/Test_Ros2_ws/install/homework_pkg/share/homework_pkg/environment/path.sh
[5.698s] -- Up-to-date: /home/hmuegyi/Documents/Test_Ros2_ws/install/homework_pkg/share/homework_pkg/environment/path.dsv
[5.698s] -- Up-to-date: /home/hmuegyi/Documents/Test_Ros2_ws/install/homework_pkg/share/homework_pkg/local_setup.bash
[5.698s] -- Up-to-date: /home/hmuegyi/Documents/Test_Ros2_ws/install/homework_pkg/share/homework_pkg/local_setup.sh
[5.698s] -- Up-to-date: /home/hmuegyi/Documents/Test_Ros2_ws/install/homework_pkg/share/homework_pkg/local_setup.zsh
[5.698s] -- Up-to-date: /home/hmuegyi/Documents/Test_Ros2_ws/install/homework_pkg/share/homework_pkg/local_setup.dsv
[5.698s] -- Installing: /home/hmuegyi/Documents/Test_Ros2_ws/install/homework_pkg/share/homework_pkg/package.dsv
[5.698s] -- Up-to-date: /home/hmuegyi/Documents/Test_Ros2_ws/install/homework_pkg/share/ament_index/resource_index/packages/homework_pkg
[5.698s] -- Up-to-date: /home/hmuegyi/Documents/Test_Ros2_ws/install/homework_pkg/share/homework_pkg/cmake/homework_pkgConfig.cmake
[5.698s] -- Up-to-date: /home/hmuegyi/Documents/Test_Ros2_ws/install/homework_pkg/share/homework_pkg/cmake/homework_pkgConfig-version.cmake
[5.699s] -- Up-to-date: /home/hmuegyi/Documents/Test_Ros2_ws/install/homework_pkg/share/homework_pkg/package.xml
[5.701s] Invoked command in '/home/hmuegyi/Documents/Test_Ros2_ws/build/homework_pkg' returned '0': CMAKE_PREFIX_PATH=${CMAKE_PREFIX_PATH}:/opt/ros/humble /usr/bin/cmake --install /home/hmuegyi/Documents/Test_Ros2_ws/build/homework_pkg
