[0.014s] Invoking command in '/home/hmuegyi/Documents/Test_Ros2_ws/build/homework_pkg': CMAKE_PREFIX_PATH=${CMAKE_PREFIX_PATH}:/opt/ros/humble /usr/bin/cmake --build /home/hmuegyi/Documents/Test_Ros2_ws/build/homework_pkg -- -j12 -l12
[0.046s] -- Found ament_cmake: 1.3.11 (/opt/ros/humble/share/ament_cmake/cmake)
[0.187s] -- Found rclcpp: 16.0.12 (/opt/ros/humble/share/rclcpp/cmake)
[0.220s] -- Found rosidl_generator_c: 3.1.6 (/opt/ros/humble/share/rosidl_generator_c/cmake)
[0.223s] -- Found rosidl_adapter: 3.1.6 (/opt/ros/humble/share/rosidl_adapter/cmake)
[0.229s] -- Found rosidl_generator_cpp: 3.1.6 (/opt/ros/humble/share/rosidl_generator_cpp/cmake)
[0.241s] -- Using all available rosidl_typesupport_c: rosidl_typesupport_fastrtps_c;rosidl_typesupport_introspection_c
[0.254s] -- Using all available rosidl_typesupport_cpp: rosidl_typesupport_fastrtps_cpp;rosidl_typesupport_introspection_cpp
[0.292s] -- Found rmw_implementation_cmake: 6.1.2 (/opt/ros/humble/share/rmw_implementation_cmake/cmake)
[0.294s] -- Found rmw_fastrtps_cpp: 6.2.7 (/opt/ros/humble/share/rmw_fastrtps_cpp/cmake)
[0.433s] -- Using RMW implementation 'rmw_fastrtps_cpp' as default
[0.486s] -- Found geometry_msgs: 4.8.0 (/opt/ros/humble/share/geometry_msgs/cmake)
[0.498s] -- Found nav_msgs: 4.8.0 (/opt/ros/humble/share/nav_msgs/cmake)
[0.516s] -- Found sensor_msgs: 4.8.0 (/opt/ros/humble/share/sensor_msgs/cmake)
[0.533s] -- Found example_interfaces: 0.9.3 (/opt/ros/humble/share/example_interfaces/cmake)
[0.572s] -- Found ament_lint_auto: 0.12.12 (/opt/ros/humble/share/ament_lint_auto/cmake)
[0.654s] -- Added test 'cppcheck' to perform static code analysis on C / C++ code
[0.654s] -- Configured cppcheck include dirs: 
[0.654s] -- Configured cppcheck exclude dirs and/or files: 
[0.655s] -- Added test 'lint_cmake' to check CMake code style
[0.657s] -- Added test 'uncrustify' to check C / C++ code style
[0.657s] -- Configured uncrustify additional arguments: 
[0.657s] -- Added test 'xmllint' to check XML markup files
[0.658s] -- Configuring done
[0.684s] -- Generating done
[0.694s] -- Build files have been written to: /home/hmuegyi/Documents/Test_Ros2_ws/build/homework_pkg
[0.746s] [ 50%] [32mBuilding CXX object CMakeFiles/increment_num5_publisher.dir/src/AddTwoInteger/increment_num5_publisher.cpp.o[0m
[0.746s] [ 50%] [32mBuilding CXX object CMakeFiles/subscriber.dir/src/AddTwoInteger/subscriber.cpp.o[0m
[0.746s] [ 50%] [32mBuilding CXX object CMakeFiles/draw_square.dir/src/square/draw_square.cpp.o[0m
[0.746s] [ 50%] [32mBuilding CXX object CMakeFiles/draw_cyc.dir/src/cycle/draw_cycle.cpp.o[0m
[0.746s] [ 50%] [32mBuilding CXX object CMakeFiles/increment_publisher.dir/src/AddTwoInteger/increment_publisher.cpp.o[0m
[5.765s] [ 60%] [32m[1mLinking CXX executable increment_publisher[0m
[5.812s] [ 70%] [32m[1mLinking CXX executable draw_square[0m
[5.864s] [ 80%] [32m[1mLinking CXX executable draw_cyc[0m
[6.033s] [ 80%] Built target increment_publisher
[6.047s] [ 80%] Built target draw_square
[6.092s] [ 80%] Built target draw_cyc
[9.767s] [ 90%] [32m[1mLinking CXX executable subscriber[0m
[9.948s] [100%] [32m[1mLinking CXX executable increment_num5_publisher[0m
[10.069s] [100%] Built target subscriber
[10.230s] [100%] Built target increment_num5_publisher
[10.241s] Invoked command in '/home/hmuegyi/Documents/Test_Ros2_ws/build/homework_pkg' returned '0': CMAKE_PREFIX_PATH=${CMAKE_PREFIX_PATH}:/opt/ros/humble /usr/bin/cmake --build /home/hmuegyi/Documents/Test_Ros2_ws/build/homework_pkg -- -j12 -l12
[10.250s] Invoking command in '/home/hmuegyi/Documents/Test_Ros2_ws/build/homework_pkg': CMAKE_PREFIX_PATH=${CMAKE_PREFIX_PATH}:/opt/ros/humble /usr/bin/cmake --install /home/hmuegyi/Documents/Test_Ros2_ws/build/homework_pkg
[10.257s] -- Install configuration: ""
[10.257s] -- Installing: /home/hmuegyi/Documents/Test_Ros2_ws/install/homework_pkg/lib/homework_pkg/draw_cyc
[10.258s] -- Set runtime path of "/home/hmuegyi/Documents/Test_Ros2_ws/install/homework_pkg/lib/homework_pkg/draw_cyc" to ""
[10.258s] -- Installing: /home/hmuegyi/Documents/Test_Ros2_ws/install/homework_pkg/lib/homework_pkg/draw_square
[10.259s] -- Set runtime path of "/home/hmuegyi/Documents/Test_Ros2_ws/install/homework_pkg/lib/homework_pkg/draw_square" to ""
[10.260s] -- Installing: /home/hmuegyi/Documents/Test_Ros2_ws/install/homework_pkg/lib/homework_pkg/increment_publisher
[10.261s] -- Set runtime path of "/home/hmuegyi/Documents/Test_Ros2_ws/install/homework_pkg/lib/homework_pkg/increment_publisher" to ""
[10.261s] -- Installing: /home/hmuegyi/Documents/Test_Ros2_ws/install/homework_pkg/lib/homework_pkg/increment_num5_publisher
[10.264s] -- Set runtime path of "/home/hmuegyi/Documents/Test_Ros2_ws/install/homework_pkg/lib/homework_pkg/increment_num5_publisher" to ""
[10.264s] -- Installing: /home/hmuegyi/Documents/Test_Ros2_ws/install/homework_pkg/lib/homework_pkg/subscriber
[10.268s] -- Set runtime path of "/home/hmuegyi/Documents/Test_Ros2_ws/install/homework_pkg/lib/homework_pkg/subscriber" to ""
[10.268s] -- Up-to-date: /home/hmuegyi/Documents/Test_Ros2_ws/install/homework_pkg/share/ament_index/resource_index/package_run_dependencies/homework_pkg
[10.268s] -- Up-to-date: /home/hmuegyi/Documents/Test_Ros2_ws/install/homework_pkg/share/ament_index/resource_index/parent_prefix_path/homework_pkg
[10.268s] -- Up-to-date: /home/hmuegyi/Documents/Test_Ros2_ws/install/homework_pkg/share/homework_pkg/environment/ament_prefix_path.sh
[10.268s] -- Installing: /home/hmuegyi/Documents/Test_Ros2_ws/install/homework_pkg/share/homework_pkg/environment/ament_prefix_path.dsv
[10.268s] -- Up-to-date: /home/hmuegyi/Documents/Test_Ros2_ws/install/homework_pkg/share/homework_pkg/environment/path.sh
[10.269s] -- Installing: /home/hmuegyi/Documents/Test_Ros2_ws/install/homework_pkg/share/homework_pkg/environment/path.dsv
[10.269s] -- Up-to-date: /home/hmuegyi/Documents/Test_Ros2_ws/install/homework_pkg/share/homework_pkg/local_setup.bash
[10.269s] -- Up-to-date: /home/hmuegyi/Documents/Test_Ros2_ws/install/homework_pkg/share/homework_pkg/local_setup.sh
[10.269s] -- Up-to-date: /home/hmuegyi/Documents/Test_Ros2_ws/install/homework_pkg/share/homework_pkg/local_setup.zsh
[10.269s] -- Installing: /home/hmuegyi/Documents/Test_Ros2_ws/install/homework_pkg/share/homework_pkg/local_setup.dsv
[10.269s] -- Installing: /home/hmuegyi/Documents/Test_Ros2_ws/install/homework_pkg/share/homework_pkg/package.dsv
[10.270s] -- Up-to-date: /home/hmuegyi/Documents/Test_Ros2_ws/install/homework_pkg/share/ament_index/resource_index/packages/homework_pkg
[10.270s] -- Up-to-date: /home/hmuegyi/Documents/Test_Ros2_ws/install/homework_pkg/share/homework_pkg/cmake/homework_pkgConfig.cmake
[10.270s] -- Up-to-date: /home/hmuegyi/Documents/Test_Ros2_ws/install/homework_pkg/share/homework_pkg/cmake/homework_pkgConfig-version.cmake
[10.270s] -- Installing: /home/hmuegyi/Documents/Test_Ros2_ws/install/homework_pkg/share/homework_pkg/package.xml
[10.272s] Invoked command in '/home/hmuegyi/Documents/Test_Ros2_ws/build/homework_pkg' returned '0': CMAKE_PREFIX_PATH=${CMAKE_PREFIX_PATH}:/opt/ros/humble /usr/bin/cmake --install /home/hmuegyi/Documents/Test_Ros2_ws/build/homework_pkg
