[0.032s] Invoking command in '/home/hmuegyi/Documents/Test_Ros2_ws/build/homework_pkg': CMAKE_PREFIX_PATH=${CMAKE_PREFIX_PATH}:/opt/ros/humble /usr/bin/cmake --build /home/hmuegyi/Documents/Test_Ros2_ws/build/homework_pkg -- -j12 -l12
[0.088s] [35m[1mConsolidate compiler generated dependencies of target increment_num5_publisher[0m
[0.089s] [35m[1mConsolidate compiler generated dependencies of target increment_publisher[0m
[0.089s] [35m[1mConsolidate compiler generated dependencies of target subscriber[0m
[0.089s] [35m[1mConsolidate compiler generated dependencies of target draw_cyc[0m
[0.089s] [35m[1mConsolidate compiler generated dependencies of target draw_square[0m
[0.113s] [ 90%] Built target increment_publisher
[0.113s] [ 90%] Built target draw_square
[0.113s] [ 90%] Built target subscriber
[0.114s] [100%] Built target draw_cyc
[0.114s] [100%] Built target increment_num5_publisher
[0.131s] Invoked command in '/home/hmuegyi/Documents/Test_Ros2_ws/build/homework_pkg' returned '0': CMAKE_PREFIX_PATH=${CMAKE_PREFIX_PATH}:/opt/ros/humble /usr/bin/cmake --build /home/hmuegyi/Documents/Test_Ros2_ws/build/homework_pkg -- -j12 -l12
[0.147s] Invoking command in '/home/hmuegyi/Documents/Test_Ros2_ws/build/homework_pkg': CMAKE_PREFIX_PATH=${CMAKE_PREFIX_PATH}:/opt/ros/humble /usr/bin/cmake --install /home/hmuegyi/Documents/Test_Ros2_ws/build/homework_pkg
[0.157s] -- Install configuration: ""
[0.157s] -- Up-to-date: /home/hmuegyi/Documents/Test_Ros2_ws/install/homework_pkg/lib/homework_pkg/draw_cyc
[0.157s] -- Up-to-date: /home/hmuegyi/Documents/Test_Ros2_ws/install/homework_pkg/lib/homework_pkg/draw_square
[0.157s] -- Up-to-date: /home/hmuegyi/Documents/Test_Ros2_ws/install/homework_pkg/lib/homework_pkg/increment_publisher
[0.158s] -- Up-to-date: /home/hmuegyi/Documents/Test_Ros2_ws/install/homework_pkg/lib/homework_pkg/increment_num5_publisher
[0.158s] -- Up-to-date: /home/hmuegyi/Documents/Test_Ros2_ws/install/homework_pkg/lib/homework_pkg/subscriber
[0.158s] -- Up-to-date: /home/hmuegyi/Documents/Test_Ros2_ws/install/homework_pkg/share/ament_index/resource_index/package_run_dependencies/homework_pkg
[0.158s] -- Up-to-date: /home/hmuegyi/Documents/Test_Ros2_ws/install/homework_pkg/share/ament_index/resource_index/parent_prefix_path/homework_pkg
[0.159s] -- Up-to-date: /home/hmuegyi/Documents/Test_Ros2_ws/install/homework_pkg/share/homework_pkg/environment/ament_prefix_path.sh
[0.159s] -- Up-to-date: /home/hmuegyi/Documents/Test_Ros2_ws/install/homework_pkg/share/homework_pkg/environment/ament_prefix_path.dsv
[0.159s] -- Up-to-date: /home/hmuegyi/Documents/Test_Ros2_ws/install/homework_pkg/share/homework_pkg/environment/path.sh
[0.159s] -- Up-to-date: /home/hmuegyi/Documents/Test_Ros2_ws/install/homework_pkg/share/homework_pkg/environment/path.dsv
[0.159s] -- Up-to-date: /home/hmuegyi/Documents/Test_Ros2_ws/install/homework_pkg/share/homework_pkg/local_setup.bash
[0.159s] -- Up-to-date: /home/hmuegyi/Documents/Test_Ros2_ws/install/homework_pkg/share/homework_pkg/local_setup.sh
[0.159s] -- Up-to-date: /home/hmuegyi/Documents/Test_Ros2_ws/install/homework_pkg/share/homework_pkg/local_setup.zsh
[0.159s] -- Up-to-date: /home/hmuegyi/Documents/Test_Ros2_ws/install/homework_pkg/share/homework_pkg/local_setup.dsv
[0.159s] -- Installing: /home/hmuegyi/Documents/Test_Ros2_ws/install/homework_pkg/share/homework_pkg/package.dsv
[0.159s] -- Up-to-date: /home/hmuegyi/Documents/Test_Ros2_ws/install/homework_pkg/share/ament_index/resource_index/packages/homework_pkg
[0.160s] -- Up-to-date: /home/hmuegyi/Documents/Test_Ros2_ws/install/homework_pkg/share/homework_pkg/cmake/homework_pkgConfig.cmake
[0.160s] -- Up-to-date: /home/hmuegyi/Documents/Test_Ros2_ws/install/homework_pkg/share/homework_pkg/cmake/homework_pkgConfig-version.cmake
[0.160s] -- Up-to-date: /home/hmuegyi/Documents/Test_Ros2_ws/install/homework_pkg/share/homework_pkg/package.xml
[0.163s] Invoked command in '/home/hmuegyi/Documents/Test_Ros2_ws/build/homework_pkg' returned '0': CMAKE_PREFIX_PATH=${CMAKE_PREFIX_PATH}:/opt/ros/humble /usr/bin/cmake --install /home/hmuegyi/Documents/Test_Ros2_ws/build/homework_pkg
