[0.017s] Invoking command in '/home/hmuegyi/Documents/Test_Ros2_ws/build/homework_pkg': CMAKE_PREFIX_PATH=${CMAKE_PREFIX_PATH}:/opt/ros/humble /usr/bin/cmake --build /home/hmuegyi/Documents/Test_Ros2_ws/build/homework_pkg -- -j12 -l12
[0.079s] [35m[1mConsolidate compiler generated dependencies of target draw_cyc[0m
[0.101s] [ 70%] Built target increment_num5_publisher
[0.102s] [ 70%] Built target subscriber
[0.102s] [ 70%] [32mBuilding CXX object CMakeFiles/draw_square.dir/src/square/draw_square.cpp.o[0m
[0.102s] [ 70%] Built target increment_publisher
[0.107s] [ 80%] [32mBuilding CXX object CMakeFiles/draw_cyc.dir/src/cycle/draw_cycle.cpp.o[0m
[5.420s] [ 90%] [32m[1mLinking CXX executable draw_cyc[0m
[5.421s] [100%] [32m[1mLinking CXX executable draw_square[0m
[5.721s] [100%] Built target draw_cyc
[5.722s] [100%] Built target draw_square
[5.760s] Invoked command in '/home/hmuegyi/Documents/Test_Ros2_ws/build/homework_pkg' returned '0': CMAKE_PREFIX_PATH=${CMAKE_PREFIX_PATH}:/opt/ros/humble /usr/bin/cmake --build /home/hmuegyi/Documents/Test_Ros2_ws/build/homework_pkg -- -j12 -l12
[5.788s] Invoking command in '/home/hmuegyi/Documents/Test_Ros2_ws/build/homework_pkg': CMAKE_PREFIX_PATH=${CMAKE_PREFIX_PATH}:/opt/ros/humble /usr/bin/cmake --install /home/hmuegyi/Documents/Test_Ros2_ws/build/homework_pkg
[5.794s] -- Install configuration: ""
[5.794s] -- Installing: /home/hmuegyi/Documents/Test_Ros2_ws/install/homework_pkg/lib/homework_pkg/draw_cyc
[5.795s] -- Set runtime path of "/home/hmuegyi/Documents/Test_Ros2_ws/install/homework_pkg/lib/homework_pkg/draw_cyc" to ""
[5.796s] -- Installing: /home/hmuegyi/Documents/Test_Ros2_ws/install/homework_pkg/lib/homework_pkg/draw_square
[5.799s] -- Set runtime path of "/home/hmuegyi/Documents/Test_Ros2_ws/install/homework_pkg/lib/homework_pkg/draw_square" to ""
[5.799s] -- Up-to-date: /home/hmuegyi/Documents/Test_Ros2_ws/install/homework_pkg/lib/homework_pkg/increment_publisher
[5.800s] -- Up-to-date: /home/hmuegyi/Documents/Test_Ros2_ws/install/homework_pkg/lib/homework_pkg/increment_num5_publisher
[5.800s] -- Up-to-date: /home/hmuegyi/Documents/Test_Ros2_ws/install/homework_pkg/lib/homework_pkg/subscriber
[5.801s] -- Up-to-date: /home/hmuegyi/Documents/Test_Ros2_ws/install/homework_pkg/share/ament_index/resource_index/package_run_dependencies/homework_pkg
[5.801s] -- Up-to-date: /home/hmuegyi/Documents/Test_Ros2_ws/install/homework_pkg/share/ament_index/resource_index/parent_prefix_path/homework_pkg
[5.801s] -- Up-to-date: /home/hmuegyi/Documents/Test_Ros2_ws/install/homework_pkg/share/homework_pkg/environment/ament_prefix_path.sh
[5.801s] -- Up-to-date: /home/hmuegyi/Documents/Test_Ros2_ws/install/homework_pkg/share/homework_pkg/environment/ament_prefix_path.dsv
[5.801s] -- Up-to-date: /home/hmuegyi/Documents/Test_Ros2_ws/install/homework_pkg/share/homework_pkg/environment/path.sh
[5.801s] -- Up-to-date: /home/hmuegyi/Documents/Test_Ros2_ws/install/homework_pkg/share/homework_pkg/environment/path.dsv
[5.801s] -- Up-to-date: /home/hmuegyi/Documents/Test_Ros2_ws/install/homework_pkg/share/homework_pkg/local_setup.bash
[5.802s] -- Up-to-date: /home/hmuegyi/Documents/Test_Ros2_ws/install/homework_pkg/share/homework_pkg/local_setup.sh
[5.802s] -- Up-to-date: /home/hmuegyi/Documents/Test_Ros2_ws/install/homework_pkg/share/homework_pkg/local_setup.zsh
[5.802s] -- Up-to-date: /home/hmuegyi/Documents/Test_Ros2_ws/install/homework_pkg/share/homework_pkg/local_setup.dsv
[5.802s] -- Installing: /home/hmuegyi/Documents/Test_Ros2_ws/install/homework_pkg/share/homework_pkg/package.dsv
[5.802s] -- Up-to-date: /home/hmuegyi/Documents/Test_Ros2_ws/install/homework_pkg/share/ament_index/resource_index/packages/homework_pkg
[5.802s] -- Up-to-date: /home/hmuegyi/Documents/Test_Ros2_ws/install/homework_pkg/share/homework_pkg/cmake/homework_pkgConfig.cmake
[5.802s] -- Up-to-date: /home/hmuegyi/Documents/Test_Ros2_ws/install/homework_pkg/share/homework_pkg/cmake/homework_pkgConfig-version.cmake
[5.802s] -- Up-to-date: /home/hmuegyi/Documents/Test_Ros2_ws/install/homework_pkg/share/homework_pkg/package.xml
[5.806s] Invoked command in '/home/hmuegyi/Documents/Test_Ros2_ws/build/homework_pkg' returned '0': CMAKE_PREFIX_PATH=${CMAKE_PREFIX_PATH}:/opt/ros/humble /usr/bin/cmake --install /home/hmuegyi/Documents/Test_Ros2_ws/build/homework_pkg
