[0.212s] DEBUG:colcon:Command line arguments: ['/usr/bin/colcon', 'build']
[0.212s] DEBUG:colcon:Parsed command line arguments: Namespace(log_base=None, log_level=None, verb_name='build', build_base='build', install_base='install', merge_install=False, symlink_install=False, test_result_base=None, continue_on_error=False, executor='parallel', parallel_workers=12, event_handlers=None, ignore_user_meta=False, metas=['./colcon.meta'], base_paths=['.'], packages_ignore=None, packages_ignore_regex=None, paths=None, packages_up_to=None, packages_up_to_regex=None, packages_above=None, packages_above_and_dependencies=None, packages_above_depth=None, packages_select_by_dep=None, packages_skip_by_dep=None, packages_skip_up_to=None, packages_select_build_failed=False, packages_skip_build_finished=False, packages_select_test_failures=False, packages_skip_test_passed=False, packages_select=None, packages_skip=None, packages_select_regex=None, packages_skip_regex=None, packages_start=None, packages_end=None, allow_overriding=[], cmake_args=None, cmake_target=None, cmake_target_skip_unavailable=False, cmake_clean_cache=False, cmake_clean_first=False, cmake_force_configure=False, ament_cmake_args=None, catkin_cmake_args=None, catkin_skip_building_tests=False, mixin_files=None, mixin=None, verb_parser=<colcon_mixin.mixin.mixin_argument.MixinArgumentDecorator object at 0x7b2efb640fd0>, verb_extension=<colcon_core.verb.build.BuildVerb object at 0x7b2efb7a2560>, main=<bound method BuildVerb.main of <colcon_core.verb.build.BuildVerb object at 0x7b2efb7a2560>>, mixin_verb=('build',))
[0.589s] Level 1:colcon.colcon_core.package_discovery:discover_packages(colcon_meta) check parameters
[0.589s] Level 1:colcon.colcon_core.package_discovery:discover_packages(recursive) check parameters
[0.589s] Level 1:colcon.colcon_core.package_discovery:discover_packages(ignore) check parameters
[0.589s] Level 1:colcon.colcon_core.package_discovery:discover_packages(path) check parameters
[0.589s] Level 1:colcon.colcon_core.package_discovery:discover_packages(colcon_meta) discover
[0.589s] Level 1:colcon.colcon_core.package_discovery:discover_packages(recursive) discover
[0.589s] INFO:colcon.colcon_core.package_discovery:Crawling recursively for packages in '/home/hmuegyi/Documents/Test_Ros2_ws'
[0.590s] Level 1:colcon.colcon_core.package_identification:_identify(.) by extensions ['ignore', 'ignore_ament_install']
[0.590s] Level 1:colcon.colcon_core.package_identification:_identify(.) by extension 'ignore'
[0.590s] Level 1:colcon.colcon_core.package_identification:_identify(.) by extension 'ignore_ament_install'
[0.590s] Level 1:colcon.colcon_core.package_identification:_identify(.) by extensions ['colcon_pkg']
[0.590s] Level 1:colcon.colcon_core.package_identification:_identify(.) by extension 'colcon_pkg'
[0.590s] Level 1:colcon.colcon_core.package_identification:_identify(.) by extensions ['colcon_meta']
[0.590s] Level 1:colcon.colcon_core.package_identification:_identify(.) by extension 'colcon_meta'
[0.590s] Level 1:colcon.colcon_core.package_identification:_identify(.) by extensions ['ros']
[0.590s] Level 1:colcon.colcon_core.package_identification:_identify(.) by extension 'ros'
[0.603s] Level 1:colcon.colcon_core.package_identification:_identify(.) by extensions ['cmake', 'python']
[0.603s] Level 1:colcon.colcon_core.package_identification:_identify(.) by extension 'cmake'
[0.603s] Level 1:colcon.colcon_core.package_identification:_identify(.) by extension 'python'
[0.603s] Level 1:colcon.colcon_core.package_identification:_identify(.) by extensions ['python_setup_py']
[0.603s] Level 1:colcon.colcon_core.package_identification:_identify(.) by extension 'python_setup_py'
[0.603s] Level 1:colcon.colcon_core.package_identification:_identify(build) by extensions ['ignore', 'ignore_ament_install']
[0.603s] Level 1:colcon.colcon_core.package_identification:_identify(build) by extension 'ignore'
[0.603s] Level 1:colcon.colcon_core.package_identification:_identify(build) ignored
[0.604s] Level 1:colcon.colcon_core.package_identification:_identify(install) by extensions ['ignore', 'ignore_ament_install']
[0.604s] Level 1:colcon.colcon_core.package_identification:_identify(install) by extension 'ignore'
[0.604s] Level 1:colcon.colcon_core.package_identification:_identify(install) ignored
[0.604s] Level 1:colcon.colcon_core.package_identification:_identify(log) by extensions ['ignore', 'ignore_ament_install']
[0.604s] Level 1:colcon.colcon_core.package_identification:_identify(log) by extension 'ignore'
[0.604s] Level 1:colcon.colcon_core.package_identification:_identify(log) ignored
[0.604s] Level 1:colcon.colcon_core.package_identification:_identify(src) by extensions ['ignore', 'ignore_ament_install']
[0.604s] Level 1:colcon.colcon_core.package_identification:_identify(src) by extension 'ignore'
[0.604s] Level 1:colcon.colcon_core.package_identification:_identify(src) by extension 'ignore_ament_install'
[0.605s] Level 1:colcon.colcon_core.package_identification:_identify(src) by extensions ['colcon_pkg']
[0.605s] Level 1:colcon.colcon_core.package_identification:_identify(src) by extension 'colcon_pkg'
[0.605s] Level 1:colcon.colcon_core.package_identification:_identify(src) by extensions ['colcon_meta']
[0.605s] Level 1:colcon.colcon_core.package_identification:_identify(src) by extension 'colcon_meta'
[0.605s] Level 1:colcon.colcon_core.package_identification:_identify(src) by extensions ['ros']
[0.605s] Level 1:colcon.colcon_core.package_identification:_identify(src) by extension 'ros'
[0.605s] Level 1:colcon.colcon_core.package_identification:_identify(src) by extensions ['cmake', 'python']
[0.605s] Level 1:colcon.colcon_core.package_identification:_identify(src) by extension 'cmake'
[0.605s] Level 1:colcon.colcon_core.package_identification:_identify(src) by extension 'python'
[0.605s] Level 1:colcon.colcon_core.package_identification:_identify(src) by extensions ['python_setup_py']
[0.605s] Level 1:colcon.colcon_core.package_identification:_identify(src) by extension 'python_setup_py'
[0.605s] Level 1:colcon.colcon_core.package_identification:_identify(src/homework_pkg) by extensions ['ignore', 'ignore_ament_install']
[0.605s] Level 1:colcon.colcon_core.package_identification:_identify(src/homework_pkg) by extension 'ignore'
[0.605s] Level 1:colcon.colcon_core.package_identification:_identify(src/homework_pkg) by extension 'ignore_ament_install'
[0.605s] Level 1:colcon.colcon_core.package_identification:_identify(src/homework_pkg) by extensions ['colcon_pkg']
[0.605s] Level 1:colcon.colcon_core.package_identification:_identify(src/homework_pkg) by extension 'colcon_pkg'
[0.605s] Level 1:colcon.colcon_core.package_identification:_identify(src/homework_pkg) by extensions ['colcon_meta']
[0.606s] Level 1:colcon.colcon_core.package_identification:_identify(src/homework_pkg) by extension 'colcon_meta'
[0.606s] Level 1:colcon.colcon_core.package_identification:_identify(src/homework_pkg) by extensions ['ros']
[0.606s] Level 1:colcon.colcon_core.package_identification:_identify(src/homework_pkg) by extension 'ros'
[0.610s] DEBUG:colcon.colcon_core.package_identification:Package 'src/homework_pkg' with type 'ros.ament_cmake' and name 'homework_pkg'
[0.610s] Level 1:colcon.colcon_core.package_identification:_identify(src/more_interfaces) by extensions ['ignore', 'ignore_ament_install']
[0.610s] Level 1:colcon.colcon_core.package_identification:_identify(src/more_interfaces) by extension 'ignore'
[0.611s] Level 1:colcon.colcon_core.package_identification:_identify(src/more_interfaces) by extension 'ignore_ament_install'
[0.611s] Level 1:colcon.colcon_core.package_identification:_identify(src/more_interfaces) by extensions ['colcon_pkg']
[0.611s] Level 1:colcon.colcon_core.package_identification:_identify(src/more_interfaces) by extension 'colcon_pkg'
[0.611s] Level 1:colcon.colcon_core.package_identification:_identify(src/more_interfaces) by extensions ['colcon_meta']
[0.611s] Level 1:colcon.colcon_core.package_identification:_identify(src/more_interfaces) by extension 'colcon_meta'
[0.611s] Level 1:colcon.colcon_core.package_identification:_identify(src/more_interfaces) by extensions ['ros']
[0.611s] Level 1:colcon.colcon_core.package_identification:_identify(src/more_interfaces) by extension 'ros'
[0.612s] DEBUG:colcon.colcon_core.package_identification:Package 'src/more_interfaces' with type 'ros.ament_cmake' and name 'more_interfaces'
[0.612s] Level 1:colcon.colcon_core.package_discovery:discover_packages(recursive) using defaults
[0.612s] Level 1:colcon.colcon_core.package_discovery:discover_packages(ignore) discover
[0.612s] Level 1:colcon.colcon_core.package_discovery:discover_packages(ignore) using defaults
[0.612s] Level 1:colcon.colcon_core.package_discovery:discover_packages(path) discover
[0.612s] Level 1:colcon.colcon_core.package_discovery:discover_packages(path) using defaults
[0.647s] Level 1:colcon.colcon_core.package_discovery:discover_packages(prefix_path) check parameters
[0.648s] Level 1:colcon.colcon_core.package_discovery:discover_packages(prefix_path) discover
[0.653s] DEBUG:colcon.colcon_installed_package_information.package_discovery:Found 4 installed packages in /home/hmuegyi/Documents/Custom_ws/install
[0.653s] DEBUG:colcon.colcon_installed_package_information.package_discovery:Found 1 installed packages in /home/hmuegyi/Documents/Test_Ros2_ws/install
[0.654s] DEBUG:colcon.colcon_installed_package_information.package_discovery:Found 1 installed packages in /home/hmuegyi/hmue_ws/install
[0.656s] DEBUG:colcon.colcon_installed_package_information.package_discovery:Found 387 installed packages in /opt/ros/humble
[0.658s] Level 1:colcon.colcon_core.package_discovery:discover_packages(prefix_path) using defaults
[0.718s] Level 5:colcon.colcon_core.verb:set package 'homework_pkg' build argument 'cmake_args' from command line to 'None'
[0.718s] Level 5:colcon.colcon_core.verb:set package 'homework_pkg' build argument 'cmake_target' from command line to 'None'
[0.718s] Level 5:colcon.colcon_core.verb:set package 'homework_pkg' build argument 'cmake_target_skip_unavailable' from command line to 'False'
[0.718s] Level 5:colcon.colcon_core.verb:set package 'homework_pkg' build argument 'cmake_clean_cache' from command line to 'False'
[0.718s] Level 5:colcon.colcon_core.verb:set package 'homework_pkg' build argument 'cmake_clean_first' from command line to 'False'
[0.718s] Level 5:colcon.colcon_core.verb:set package 'homework_pkg' build argument 'cmake_force_configure' from command line to 'False'
[0.718s] Level 5:colcon.colcon_core.verb:set package 'homework_pkg' build argument 'ament_cmake_args' from command line to 'None'
[0.718s] Level 5:colcon.colcon_core.verb:set package 'homework_pkg' build argument 'catkin_cmake_args' from command line to 'None'
[0.718s] Level 5:colcon.colcon_core.verb:set package 'homework_pkg' build argument 'catkin_skip_building_tests' from command line to 'False'
[0.718s] DEBUG:colcon.colcon_core.verb:Building package 'homework_pkg' with the following arguments: {'ament_cmake_args': None, 'build_base': '/home/hmuegyi/Documents/Test_Ros2_ws/build/homework_pkg', 'catkin_cmake_args': None, 'catkin_skip_building_tests': False, 'cmake_args': None, 'cmake_clean_cache': False, 'cmake_clean_first': False, 'cmake_force_configure': False, 'cmake_target': None, 'cmake_target_skip_unavailable': False, 'install_base': '/home/hmuegyi/Documents/Test_Ros2_ws/install/homework_pkg', 'merge_install': False, 'path': '/home/hmuegyi/Documents/Test_Ros2_ws/src/homework_pkg', 'symlink_install': False, 'test_result_base': None}
[0.719s] Level 5:colcon.colcon_core.verb:set package 'more_interfaces' build argument 'cmake_args' from command line to 'None'
[0.719s] Level 5:colcon.colcon_core.verb:set package 'more_interfaces' build argument 'cmake_target' from command line to 'None'
[0.719s] Level 5:colcon.colcon_core.verb:set package 'more_interfaces' build argument 'cmake_target_skip_unavailable' from command line to 'False'
[0.719s] Level 5:colcon.colcon_core.verb:set package 'more_interfaces' build argument 'cmake_clean_cache' from command line to 'False'
[0.719s] Level 5:colcon.colcon_core.verb:set package 'more_interfaces' build argument 'cmake_clean_first' from command line to 'False'
[0.719s] Level 5:colcon.colcon_core.verb:set package 'more_interfaces' build argument 'cmake_force_configure' from command line to 'False'
[0.719s] Level 5:colcon.colcon_core.verb:set package 'more_interfaces' build argument 'ament_cmake_args' from command line to 'None'
[0.719s] Level 5:colcon.colcon_core.verb:set package 'more_interfaces' build argument 'catkin_cmake_args' from command line to 'None'
[0.719s] Level 5:colcon.colcon_core.verb:set package 'more_interfaces' build argument 'catkin_skip_building_tests' from command line to 'False'
[0.719s] DEBUG:colcon.colcon_core.verb:Building package 'more_interfaces' with the following arguments: {'ament_cmake_args': None, 'build_base': '/home/hmuegyi/Documents/Test_Ros2_ws/build/more_interfaces', 'catkin_cmake_args': None, 'catkin_skip_building_tests': False, 'cmake_args': None, 'cmake_clean_cache': False, 'cmake_clean_first': False, 'cmake_force_configure': False, 'cmake_target': None, 'cmake_target_skip_unavailable': False, 'install_base': '/home/hmuegyi/Documents/Test_Ros2_ws/install/more_interfaces', 'merge_install': False, 'path': '/home/hmuegyi/Documents/Test_Ros2_ws/src/more_interfaces', 'symlink_install': False, 'test_result_base': None}
[0.719s] INFO:colcon.colcon_core.executor:Executing jobs using 'parallel' executor
[0.721s] DEBUG:colcon.colcon_parallel_executor.executor.parallel:run_until_complete
[0.721s] INFO:colcon.colcon_ros.task.ament_cmake.build:Building ROS package in '/home/hmuegyi/Documents/Test_Ros2_ws/src/homework_pkg' with build type 'ament_cmake'
[0.721s] INFO:colcon.colcon_cmake.task.cmake.build:Building CMake package in '/home/hmuegyi/Documents/Test_Ros2_ws/src/homework_pkg'
[0.728s] INFO:colcon.colcon_core.plugin_system:Skipping extension 'colcon_core.shell.bat': Not used on non-Windows systems
[0.728s] INFO:colcon.colcon_core.shell:Skip shell extension 'powershell' for command environment: Not usable outside of PowerShell
[0.728s] DEBUG:colcon.colcon_core.shell:Skip shell extension 'dsv' for command environment
[0.734s] INFO:colcon.colcon_ros.task.ament_cmake.build:Building ROS package in '/home/hmuegyi/Documents/Test_Ros2_ws/src/more_interfaces' with build type 'ament_cmake'
[0.735s] INFO:colcon.colcon_cmake.task.cmake.build:Building CMake package in '/home/hmuegyi/Documents/Test_Ros2_ws/src/more_interfaces'
[0.735s] INFO:colcon.colcon_core.shell:Skip shell extension 'powershell' for command environment: Not usable outside of PowerShell
[0.735s] DEBUG:colcon.colcon_core.shell:Skip shell extension 'dsv' for command environment
[0.745s] DEBUG:colcon.colcon_core.event_handler.log_command:Invoking command in '/home/hmuegyi/Documents/Test_Ros2_ws/build/homework_pkg': CMAKE_PREFIX_PATH=${CMAKE_PREFIX_PATH}:/opt/ros/humble /usr/bin/cmake --build /home/hmuegyi/Documents/Test_Ros2_ws/build/homework_pkg -- -j12 -l12
[0.752s] DEBUG:colcon.colcon_core.event_handler.log_command:Invoking command in '/home/hmuegyi/Documents/Test_Ros2_ws/build/more_interfaces': CMAKE_PREFIX_PATH=${CMAKE_PREFIX_PATH}:/opt/ros/humble /usr/bin/cmake /home/hmuegyi/Documents/Test_Ros2_ws/src/more_interfaces -DCMAKE_INSTALL_PREFIX=/home/hmuegyi/Documents/Test_Ros2_ws/install/more_interfaces
[2.563s] DEBUG:colcon.colcon_core.event_handler.log_command:Invoked command in '/home/hmuegyi/Documents/Test_Ros2_ws/build/more_interfaces' returned '0': CMAKE_PREFIX_PATH=${CMAKE_PREFIX_PATH}:/opt/ros/humble /usr/bin/cmake /home/hmuegyi/Documents/Test_Ros2_ws/src/more_interfaces -DCMAKE_INSTALL_PREFIX=/home/hmuegyi/Documents/Test_Ros2_ws/install/more_interfaces
[2.565s] DEBUG:colcon.colcon_core.event_handler.log_command:Invoking command in '/home/hmuegyi/Documents/Test_Ros2_ws/build/more_interfaces': CMAKE_PREFIX_PATH=${CMAKE_PREFIX_PATH}:/opt/ros/humble /usr/bin/cmake --build /home/hmuegyi/Documents/Test_Ros2_ws/build/more_interfaces -- -j12 -l12
[2.628s] DEBUG:colcon.colcon_core.event_handler.log_command:Invoked command in '/home/hmuegyi/Documents/Test_Ros2_ws/build/more_interfaces' returned '0': CMAKE_PREFIX_PATH=${CMAKE_PREFIX_PATH}:/opt/ros/humble /usr/bin/cmake --build /home/hmuegyi/Documents/Test_Ros2_ws/build/more_interfaces -- -j12 -l12
[2.643s] DEBUG:colcon.colcon_core.event_handler.log_command:Invoking command in '/home/hmuegyi/Documents/Test_Ros2_ws/build/more_interfaces': CMAKE_PREFIX_PATH=${CMAKE_PREFIX_PATH}:/opt/ros/humble /usr/bin/cmake --install /home/hmuegyi/Documents/Test_Ros2_ws/build/more_interfaces
[2.659s] Level 1:colcon.colcon_core.environment:create_environment_scripts_only(more_interfaces)
[2.660s] DEBUG:colcon.colcon_core.event_handler.log_command:Invoked command in '/home/hmuegyi/Documents/Test_Ros2_ws/build/more_interfaces' returned '0': CMAKE_PREFIX_PATH=${CMAKE_PREFIX_PATH}:/opt/ros/humble /usr/bin/cmake --install /home/hmuegyi/Documents/Test_Ros2_ws/build/more_interfaces
[2.675s] Level 1:colcon.colcon_core.environment:checking '/home/hmuegyi/Documents/Test_Ros2_ws/install/more_interfaces' for CMake module files
[2.675s] Level 1:colcon.colcon_core.environment:checking '/home/hmuegyi/Documents/Test_Ros2_ws/install/more_interfaces' for CMake config files
[2.676s] Level 1:colcon.colcon_core.shell:create_environment_hook('more_interfaces', 'cmake_prefix_path')
[2.676s] INFO:colcon.colcon_core.shell:Creating environment hook '/home/hmuegyi/Documents/Test_Ros2_ws/install/more_interfaces/share/more_interfaces/hook/cmake_prefix_path.ps1'
[2.677s] INFO:colcon.colcon_core.shell:Creating environment descriptor '/home/hmuegyi/Documents/Test_Ros2_ws/install/more_interfaces/share/more_interfaces/hook/cmake_prefix_path.dsv'
[2.678s] INFO:colcon.colcon_core.shell:Creating environment hook '/home/hmuegyi/Documents/Test_Ros2_ws/install/more_interfaces/share/more_interfaces/hook/cmake_prefix_path.sh'
[2.679s] Level 1:colcon.colcon_core.environment:checking '/home/hmuegyi/Documents/Test_Ros2_ws/install/more_interfaces/bin'
[2.679s] Level 1:colcon.colcon_core.environment:checking '/home/hmuegyi/Documents/Test_Ros2_ws/install/more_interfaces/lib/pkgconfig/more_interfaces.pc'
[2.680s] Level 1:colcon.colcon_core.environment:checking '/home/hmuegyi/Documents/Test_Ros2_ws/install/more_interfaces/lib/python3.10/site-packages'
[2.680s] Level 1:colcon.colcon_core.environment:checking '/home/hmuegyi/Documents/Test_Ros2_ws/install/more_interfaces/bin'
[2.680s] INFO:colcon.colcon_core.shell:Creating package script '/home/hmuegyi/Documents/Test_Ros2_ws/install/more_interfaces/share/more_interfaces/package.ps1'
[2.681s] INFO:colcon.colcon_core.shell:Creating package descriptor '/home/hmuegyi/Documents/Test_Ros2_ws/install/more_interfaces/share/more_interfaces/package.dsv'
[2.682s] INFO:colcon.colcon_core.shell:Creating package script '/home/hmuegyi/Documents/Test_Ros2_ws/install/more_interfaces/share/more_interfaces/package.sh'
[2.683s] INFO:colcon.colcon_core.shell:Creating package script '/home/hmuegyi/Documents/Test_Ros2_ws/install/more_interfaces/share/more_interfaces/package.bash'
[2.684s] INFO:colcon.colcon_core.shell:Creating package script '/home/hmuegyi/Documents/Test_Ros2_ws/install/more_interfaces/share/more_interfaces/package.zsh'
[2.686s] Level 1:colcon.colcon_core.environment:create_file_with_runtime_dependencies(/home/hmuegyi/Documents/Test_Ros2_ws/install/more_interfaces/share/colcon-core/packages/more_interfaces)
[2.686s] Level 1:colcon.colcon_core.environment:create_environment_scripts_only(more_interfaces)
[2.687s] Level 1:colcon.colcon_core.environment:checking '/home/hmuegyi/Documents/Test_Ros2_ws/install/more_interfaces' for CMake module files
[2.687s] Level 1:colcon.colcon_core.environment:checking '/home/hmuegyi/Documents/Test_Ros2_ws/install/more_interfaces' for CMake config files
[2.688s] Level 1:colcon.colcon_core.shell:create_environment_hook('more_interfaces', 'cmake_prefix_path')
[2.688s] INFO:colcon.colcon_core.shell:Creating environment hook '/home/hmuegyi/Documents/Test_Ros2_ws/install/more_interfaces/share/more_interfaces/hook/cmake_prefix_path.ps1'
[2.688s] INFO:colcon.colcon_core.shell:Creating environment descriptor '/home/hmuegyi/Documents/Test_Ros2_ws/install/more_interfaces/share/more_interfaces/hook/cmake_prefix_path.dsv'
[2.689s] INFO:colcon.colcon_core.shell:Creating environment hook '/home/hmuegyi/Documents/Test_Ros2_ws/install/more_interfaces/share/more_interfaces/hook/cmake_prefix_path.sh'
[2.690s] Level 1:colcon.colcon_core.environment:checking '/home/hmuegyi/Documents/Test_Ros2_ws/install/more_interfaces/bin'
[2.690s] Level 1:colcon.colcon_core.environment:checking '/home/hmuegyi/Documents/Test_Ros2_ws/install/more_interfaces/lib/pkgconfig/more_interfaces.pc'
[2.690s] Level 1:colcon.colcon_core.environment:checking '/home/hmuegyi/Documents/Test_Ros2_ws/install/more_interfaces/lib/python3.10/site-packages'
[2.690s] Level 1:colcon.colcon_core.environment:checking '/home/hmuegyi/Documents/Test_Ros2_ws/install/more_interfaces/bin'
[2.691s] INFO:colcon.colcon_core.shell:Creating package script '/home/hmuegyi/Documents/Test_Ros2_ws/install/more_interfaces/share/more_interfaces/package.ps1'
[2.691s] INFO:colcon.colcon_core.shell:Creating package descriptor '/home/hmuegyi/Documents/Test_Ros2_ws/install/more_interfaces/share/more_interfaces/package.dsv'
[2.692s] INFO:colcon.colcon_core.shell:Creating package script '/home/hmuegyi/Documents/Test_Ros2_ws/install/more_interfaces/share/more_interfaces/package.sh'
[2.692s] INFO:colcon.colcon_core.shell:Creating package script '/home/hmuegyi/Documents/Test_Ros2_ws/install/more_interfaces/share/more_interfaces/package.bash'
[2.693s] INFO:colcon.colcon_core.shell:Creating package script '/home/hmuegyi/Documents/Test_Ros2_ws/install/more_interfaces/share/more_interfaces/package.zsh'
[2.693s] Level 1:colcon.colcon_core.environment:create_file_with_runtime_dependencies(/home/hmuegyi/Documents/Test_Ros2_ws/install/more_interfaces/share/colcon-core/packages/more_interfaces)
[6.475s] DEBUG:colcon.colcon_core.event_handler.log_command:Invoked command in '/home/hmuegyi/Documents/Test_Ros2_ws/build/homework_pkg' returned '0': CMAKE_PREFIX_PATH=${CMAKE_PREFIX_PATH}:/opt/ros/humble /usr/bin/cmake --build /home/hmuegyi/Documents/Test_Ros2_ws/build/homework_pkg -- -j12 -l12
[6.479s] DEBUG:colcon.colcon_core.event_handler.log_command:Invoking command in '/home/hmuegyi/Documents/Test_Ros2_ws/build/homework_pkg': CMAKE_PREFIX_PATH=${CMAKE_PREFIX_PATH}:/opt/ros/humble /usr/bin/cmake --install /home/hmuegyi/Documents/Test_Ros2_ws/build/homework_pkg
[6.502s] Level 1:colcon.colcon_core.environment:create_environment_scripts_only(homework_pkg)
[6.503s] Level 1:colcon.colcon_core.environment:checking '/home/hmuegyi/Documents/Test_Ros2_ws/install/homework_pkg' for CMake module files
[6.503s] DEBUG:colcon.colcon_core.event_handler.log_command:Invoked command in '/home/hmuegyi/Documents/Test_Ros2_ws/build/homework_pkg' returned '0': CMAKE_PREFIX_PATH=${CMAKE_PREFIX_PATH}:/opt/ros/humble /usr/bin/cmake --install /home/hmuegyi/Documents/Test_Ros2_ws/build/homework_pkg
[6.504s] Level 1:colcon.colcon_core.environment:checking '/home/hmuegyi/Documents/Test_Ros2_ws/install/homework_pkg' for CMake config files
[6.504s] Level 1:colcon.colcon_core.shell:create_environment_hook('homework_pkg', 'cmake_prefix_path')
[6.505s] INFO:colcon.colcon_core.shell:Creating environment hook '/home/hmuegyi/Documents/Test_Ros2_ws/install/homework_pkg/share/homework_pkg/hook/cmake_prefix_path.ps1'
[6.505s] INFO:colcon.colcon_core.shell:Creating environment descriptor '/home/hmuegyi/Documents/Test_Ros2_ws/install/homework_pkg/share/homework_pkg/hook/cmake_prefix_path.dsv'
[6.506s] INFO:colcon.colcon_core.shell:Creating environment hook '/home/hmuegyi/Documents/Test_Ros2_ws/install/homework_pkg/share/homework_pkg/hook/cmake_prefix_path.sh'
[6.506s] Level 1:colcon.colcon_core.environment:checking '/home/hmuegyi/Documents/Test_Ros2_ws/install/homework_pkg/lib'
[6.507s] Level 1:colcon.colcon_core.environment:checking '/home/hmuegyi/Documents/Test_Ros2_ws/install/homework_pkg/bin'
[6.507s] Level 1:colcon.colcon_core.environment:checking '/home/hmuegyi/Documents/Test_Ros2_ws/install/homework_pkg/lib/pkgconfig/homework_pkg.pc'
[6.507s] Level 1:colcon.colcon_core.environment:checking '/home/hmuegyi/Documents/Test_Ros2_ws/install/homework_pkg/lib/python3.10/site-packages'
[6.507s] Level 1:colcon.colcon_core.environment:checking '/home/hmuegyi/Documents/Test_Ros2_ws/install/homework_pkg/bin'
[6.508s] INFO:colcon.colcon_core.shell:Creating package script '/home/hmuegyi/Documents/Test_Ros2_ws/install/homework_pkg/share/homework_pkg/package.ps1'
[6.508s] INFO:colcon.colcon_core.shell:Creating package descriptor '/home/hmuegyi/Documents/Test_Ros2_ws/install/homework_pkg/share/homework_pkg/package.dsv'
[6.509s] INFO:colcon.colcon_core.shell:Creating package script '/home/hmuegyi/Documents/Test_Ros2_ws/install/homework_pkg/share/homework_pkg/package.sh'
[6.509s] INFO:colcon.colcon_core.shell:Creating package script '/home/hmuegyi/Documents/Test_Ros2_ws/install/homework_pkg/share/homework_pkg/package.bash'
[6.510s] INFO:colcon.colcon_core.shell:Creating package script '/home/hmuegyi/Documents/Test_Ros2_ws/install/homework_pkg/share/homework_pkg/package.zsh'
[6.510s] Level 1:colcon.colcon_core.environment:create_file_with_runtime_dependencies(/home/hmuegyi/Documents/Test_Ros2_ws/install/homework_pkg/share/colcon-core/packages/homework_pkg)
[6.511s] Level 1:colcon.colcon_core.environment:create_environment_scripts_only(homework_pkg)
[6.511s] Level 1:colcon.colcon_core.environment:checking '/home/hmuegyi/Documents/Test_Ros2_ws/install/homework_pkg' for CMake module files
[6.512s] Level 1:colcon.colcon_core.environment:checking '/home/hmuegyi/Documents/Test_Ros2_ws/install/homework_pkg' for CMake config files
[6.512s] Level 1:colcon.colcon_core.shell:create_environment_hook('homework_pkg', 'cmake_prefix_path')
[6.512s] INFO:colcon.colcon_core.shell:Creating environment hook '/home/hmuegyi/Documents/Test_Ros2_ws/install/homework_pkg/share/homework_pkg/hook/cmake_prefix_path.ps1'
[6.513s] INFO:colcon.colcon_core.shell:Creating environment descriptor '/home/hmuegyi/Documents/Test_Ros2_ws/install/homework_pkg/share/homework_pkg/hook/cmake_prefix_path.dsv'
[6.513s] INFO:colcon.colcon_core.shell:Creating environment hook '/home/hmuegyi/Documents/Test_Ros2_ws/install/homework_pkg/share/homework_pkg/hook/cmake_prefix_path.sh'
[6.514s] Level 1:colcon.colcon_core.environment:checking '/home/hmuegyi/Documents/Test_Ros2_ws/install/homework_pkg/lib'
[6.514s] Level 1:colcon.colcon_core.environment:checking '/home/hmuegyi/Documents/Test_Ros2_ws/install/homework_pkg/bin'
[6.514s] Level 1:colcon.colcon_core.environment:checking '/home/hmuegyi/Documents/Test_Ros2_ws/install/homework_pkg/lib/pkgconfig/homework_pkg.pc'
[6.514s] Level 1:colcon.colcon_core.environment:checking '/home/hmuegyi/Documents/Test_Ros2_ws/install/homework_pkg/lib/python3.10/site-packages'
[6.514s] Level 1:colcon.colcon_core.environment:checking '/home/hmuegyi/Documents/Test_Ros2_ws/install/homework_pkg/bin'
[6.515s] INFO:colcon.colcon_core.shell:Creating package script '/home/hmuegyi/Documents/Test_Ros2_ws/install/homework_pkg/share/homework_pkg/package.ps1'
[6.515s] INFO:colcon.colcon_core.shell:Creating package descriptor '/home/hmuegyi/Documents/Test_Ros2_ws/install/homework_pkg/share/homework_pkg/package.dsv'
[6.516s] INFO:colcon.colcon_core.shell:Creating package script '/home/hmuegyi/Documents/Test_Ros2_ws/install/homework_pkg/share/homework_pkg/package.sh'
[6.516s] INFO:colcon.colcon_core.shell:Creating package script '/home/hmuegyi/Documents/Test_Ros2_ws/install/homework_pkg/share/homework_pkg/package.bash'
[6.517s] INFO:colcon.colcon_core.shell:Creating package script '/home/hmuegyi/Documents/Test_Ros2_ws/install/homework_pkg/share/homework_pkg/package.zsh'
[6.517s] Level 1:colcon.colcon_core.environment:create_file_with_runtime_dependencies(/home/hmuegyi/Documents/Test_Ros2_ws/install/homework_pkg/share/colcon-core/packages/homework_pkg)
[6.518s] DEBUG:colcon.colcon_parallel_executor.executor.parallel:closing loop
[6.518s] DEBUG:colcon.colcon_parallel_executor.executor.parallel:loop closed
[6.518s] DEBUG:colcon.colcon_parallel_executor.executor.parallel:run_until_complete finished with '0'
[6.518s] DEBUG:colcon.colcon_core.event_reactor:joining thread
[6.537s] INFO:colcon.colcon_core.plugin_system:Skipping extension 'colcon_notification.desktop_notification.terminal_notifier': Not used on non-Darwin systems
[6.537s] INFO:colcon.colcon_core.plugin_system:Skipping extension 'colcon_notification.desktop_notification.win32': Not used on non-Windows systems
[6.537s] INFO:colcon.colcon_notification.desktop_notification:Sending desktop notification using 'notify2'
[6.592s] DEBUG:colcon.colcon_core.event_reactor:joined thread
[6.593s] INFO:colcon.colcon_core.shell:Creating prefix script '/home/hmuegyi/Documents/Test_Ros2_ws/install/local_setup.ps1'
[6.594s] INFO:colcon.colcon_core.shell:Creating prefix util module '/home/hmuegyi/Documents/Test_Ros2_ws/install/_local_setup_util_ps1.py'
[6.607s] INFO:colcon.colcon_core.shell:Creating prefix chain script '/home/hmuegyi/Documents/Test_Ros2_ws/install/setup.ps1'
[6.608s] INFO:colcon.colcon_core.shell:Creating prefix script '/home/hmuegyi/Documents/Test_Ros2_ws/install/local_setup.sh'
[6.609s] INFO:colcon.colcon_core.shell:Creating prefix util module '/home/hmuegyi/Documents/Test_Ros2_ws/install/_local_setup_util_sh.py'
[6.610s] INFO:colcon.colcon_core.shell:Creating prefix chain script '/home/hmuegyi/Documents/Test_Ros2_ws/install/setup.sh'
[6.611s] INFO:colcon.colcon_core.shell:Creating prefix script '/home/hmuegyi/Documents/Test_Ros2_ws/install/local_setup.bash'
[6.612s] INFO:colcon.colcon_core.shell:Creating prefix chain script '/home/hmuegyi/Documents/Test_Ros2_ws/install/setup.bash'
[6.614s] INFO:colcon.colcon_core.shell:Creating prefix script '/home/hmuegyi/Documents/Test_Ros2_ws/install/local_setup.zsh'
[6.615s] INFO:colcon.colcon_core.shell:Creating prefix chain script '/home/hmuegyi/Documents/Test_Ros2_ws/install/setup.zsh'
