[0.017s] Invoking command in '/home/hmuegyi/Documents/Test_Ros2_ws/build/more_interfaces': CMAKE_PREFIX_PATH=${CMAKE_PREFIX_PATH}:/opt/ros/humble /usr/bin/cmake --build /home/hmuegyi/Documents/Test_Ros2_ws/build/more_interfaces -- -j12 -l12
[0.050s] -- Found ament_cmake: 1.3.11 (/opt/ros/humble/share/ament_cmake/cmake)
[0.254s] -- Found rclcpp: 16.0.12 (/opt/ros/humble/share/rclcpp/cmake)
[0.306s] -- Found rosidl_generator_c: 3.1.6 (/opt/ros/humble/share/rosidl_generator_c/cmake)
[0.310s] -- Found rosidl_adapter: 3.1.6 (/opt/ros/humble/share/rosidl_adapter/cmake)
[0.320s] -- Found rosidl_generator_cpp: 3.1.6 (/opt/ros/humble/share/rosidl_generator_cpp/cmake)
[0.332s] -- Using all available rosidl_typesupport_c: rosidl_typesupport_fastrtps_c;rosidl_typesupport_introspection_c
[0.352s] -- Using all available rosidl_typesupport_cpp: rosidl_typesupport_fastrtps_cpp;rosidl_typesupport_introspection_cpp
[0.405s] -- Found rmw_implementation_cmake: 6.1.2 (/opt/ros/humble/share/rmw_implementation_cmake/cmake)
[0.408s] -- Found rmw_fastrtps_cpp: 6.2.7 (/opt/ros/humble/share/rmw_fastrtps_cpp/cmake)
[0.577s] -- Using RMW implementation 'rmw_fastrtps_cpp' as default
[0.649s] -- Found rosidl_default_generators: 1.2.0 (/opt/ros/humble/share/rosidl_default_generators/cmake)
[0.989s] -- Found ament_cmake_ros: 0.10.0 (/opt/ros/humble/share/ament_cmake_ros/cmake)
[1.394s] -- Using all available rosidl_typesupport_c: rosidl_typesupport_fastrtps_c;rosidl_typesupport_introspection_c
[1.551s] -- Using all available rosidl_typesupport_cpp: rosidl_typesupport_fastrtps_cpp;rosidl_typesupport_introspection_cpp
[1.582s] -- Found PythonInterp: /usr/bin/python3 (found suitable version "3.10.12", minimum required is "3.6") 
[1.586s] -- Found python_cmake_module: 0.10.0 (/opt/ros/humble/share/python_cmake_module/cmake)
[1.624s] -- Found PythonLibs: /usr/lib/x86_64-linux-gnu/libpython3.10.so (found suitable version "3.10.12", minimum required is "3.5") 
[1.624s] -- Using PYTHON_EXECUTABLE: /usr/bin/python3
[1.624s] -- Using PYTHON_INCLUDE_DIRS: /usr/include/python3.10
[1.624s] -- Using PYTHON_LIBRARIES: /usr/lib/x86_64-linux-gnu/libpython3.10.so
[1.653s] -- Found PythonExtra: .so  
[1.702s] -- Found ament_lint_auto: 0.12.12 (/opt/ros/humble/share/ament_lint_auto/cmake)
[1.728s] -- Added test 'cppcheck' to perform static code analysis on C / C++ code
[1.728s] -- Configured cppcheck include dirs: 
[1.729s] -- Configured cppcheck exclude dirs and/or files: 
[1.730s] -- Added test 'lint_cmake' to check CMake code style
[1.731s] -- Added test 'uncrustify' to check C / C++ code style
[1.732s] -- Configured uncrustify additional arguments: 
[1.732s] -- Added test 'xmllint' to check XML markup files
[1.737s] -- Configuring done
[1.788s] -- Generating done
[1.804s] -- Build files have been written to: /home/hmuegyi/Documents/Test_Ros2_ws/build/more_interfaces
[1.859s] [  3%] [34m[1mGenerating C code for ROS interfaces[0m
[1.874s] [  6%] [34m[1mGenerating C++ code for ROS interfaces[0m
[1.889s] [  6%] Built target ament_cmake_python_copy_more_interfaces
[2.197s] [  6%] Built target more_interfaces__cpp
[2.208s] [  9%] [32mBuilding C object CMakeFiles/more_interfaces__rosidl_generator_c.dir/rosidl_generator_c/more_interfaces/msg/detail/address_book__functions.c.o[0m
[2.210s] [ 15%] [34m[1mGenerating C++ introspection for ROS interfaces[0m
[2.210s] [ 15%] [34m[1mGenerating C++ type support dispatch for ROS interfaces[0m
[2.210s] [ 18%] [34m[1mGenerating C++ type support for eProsima Fast-RTPS[0m
[2.251s] running egg_info
[2.252s] creating more_interfaces.egg-info
[2.252s] writing more_interfaces.egg-info/PKG-INFO
[2.253s] writing dependency_links to more_interfaces.egg-info/dependency_links.txt
[2.253s] writing top-level names to more_interfaces.egg-info/top_level.txt
[2.253s] writing manifest file 'more_interfaces.egg-info/SOURCES.txt'
[2.256s] reading manifest file 'more_interfaces.egg-info/SOURCES.txt'
[2.256s] writing manifest file 'more_interfaces.egg-info/SOURCES.txt'
[2.274s] [ 21%] [32m[1mLinking C shared library libmore_interfaces__rosidl_generator_c.so[0m
[2.293s] [ 21%] Built target ament_cmake_python_build_more_interfaces_egg
[2.325s] [ 21%] Built target more_interfaces__rosidl_generator_c
[2.338s] [ 30%] [34m[1mGenerating C type support for eProsima Fast-RTPS[0m
[2.338s] [ 30%] [34m[1mGenerating C type support dispatch for ROS interfaces[0m
[2.338s] [ 30%] [34m[1mGenerating C introspection for ROS interfaces[0m
[2.520s] [ 33%] [32mBuilding CXX object CMakeFiles/more_interfaces__rosidl_typesupport_cpp.dir/rosidl_typesupport_cpp/more_interfaces/msg/address_book__type_support.cpp.o[0m
[2.542s] [ 39%] [32mBuilding CXX object CMakeFiles/more_interfaces__rosidl_typesupport_introspection_cpp.dir/rosidl_typesupport_introspection_cpp/more_interfaces/msg/detail/address_book__type_support.cpp.o[0m
[2.542s] [ 39%] [32mBuilding CXX object CMakeFiles/more_interfaces__rosidl_typesupport_fastrtps_cpp.dir/rosidl_typesupport_fastrtps_cpp/more_interfaces/msg/detail/dds_fastrtps/address_book__type_support.cpp.o[0m
[2.638s] [ 42%] [32mBuilding CXX object CMakeFiles/more_interfaces__rosidl_typesupport_c.dir/rosidl_typesupport_c/more_interfaces/msg/address_book__type_support.cpp.o[0m
[2.658s] [ 45%] [32mBuilding C object CMakeFiles/more_interfaces__rosidl_typesupport_introspection_c.dir/rosidl_typesupport_introspection_c/more_interfaces/msg/detail/address_book__type_support.c.o[0m
[2.663s] [ 48%] [32mBuilding CXX object CMakeFiles/more_interfaces__rosidl_typesupport_fastrtps_c.dir/rosidl_typesupport_fastrtps_c/more_interfaces/msg/detail/address_book__type_support_c.cpp.o[0m
[2.675s] [ 51%] [32m[1mLinking CXX shared library libmore_interfaces__rosidl_typesupport_c.so[0m
[2.699s] [ 54%] [32m[1mLinking C shared library libmore_interfaces__rosidl_typesupport_introspection_c.so[0m
[2.727s] [ 54%] Built target more_interfaces__rosidl_typesupport_c
[2.739s] [ 54%] Built target more_interfaces__rosidl_typesupport_introspection_c
[2.836s] [ 57%] [32m[1mLinking CXX shared library libmore_interfaces__rosidl_typesupport_cpp.so[0m
[2.889s] [ 57%] Built target more_interfaces__rosidl_typesupport_cpp
[2.917s] [ 60%] [32mBuilding CXX object CMakeFiles/publish_address_book.dir/src/publish_address_book.cpp.o[0m
[2.978s] [ 63%] [32m[1mLinking CXX shared library libmore_interfaces__rosidl_typesupport_introspection_cpp.so[0m
[3.002s] [ 66%] [32m[1mLinking CXX shared library libmore_interfaces__rosidl_typesupport_fastrtps_cpp.so[0m
[3.061s] [ 69%] [32m[1mLinking CXX shared library libmore_interfaces__rosidl_typesupport_fastrtps_c.so[0m
[3.061s] [ 69%] Built target more_interfaces__rosidl_typesupport_introspection_cpp
[3.106s] [ 69%] Built target more_interfaces__rosidl_typesupport_fastrtps_cpp
[3.155s] [ 69%] Built target more_interfaces__rosidl_typesupport_fastrtps_c
[3.184s] [ 69%] Built target more_interfaces
[3.210s] [ 72%] [34m[1mGenerating Python code for ROS interfaces[0m
[3.577s] [ 72%] Built target more_interfaces__py
[3.606s] [ 75%] [32mBuilding C object CMakeFiles/more_interfaces__rosidl_generator_py.dir/rosidl_generator_py/more_interfaces/msg/_address_book_s.c.o[0m
[3.751s] [ 78%] [32m[1mLinking C shared library rosidl_generator_py/more_interfaces/libmore_interfaces__rosidl_generator_py.so[0m
[3.803s] [ 78%] Built target more_interfaces__rosidl_generator_py
[3.831s] [ 87%] [32mBuilding C object CMakeFiles/more_interfaces__rosidl_typesupport_introspection_c__pyext.dir/rosidl_generator_py/more_interfaces/_more_interfaces_s.ep.rosidl_typesupport_introspection_c.c.o[0m
[3.831s] [ 87%] [32mBuilding C object CMakeFiles/more_interfaces__rosidl_typesupport_c__pyext.dir/rosidl_generator_py/more_interfaces/_more_interfaces_s.ep.rosidl_typesupport_c.c.o[0m
[3.831s] [ 87%] [32mBuilding C object CMakeFiles/more_interfaces__rosidl_typesupport_fastrtps_c__pyext.dir/rosidl_generator_py/more_interfaces/_more_interfaces_s.ep.rosidl_typesupport_fastrtps_c.c.o[0m
[3.941s] [ 96%] [32m[1mLinking C shared library rosidl_generator_py/more_interfaces/more_interfaces_s__rosidl_typesupport_fastrtps_c.cpython-310-x86_64-linux-gnu.so[0m
[3.942s] [ 96%] [32m[1mLinking C shared library rosidl_generator_py/more_interfaces/more_interfaces_s__rosidl_typesupport_introspection_c.cpython-310-x86_64-linux-gnu.so[0m
[3.942s] [ 96%] [32m[1mLinking C shared library rosidl_generator_py/more_interfaces/more_interfaces_s__rosidl_typesupport_c.cpython-310-x86_64-linux-gnu.so[0m
[3.986s] [ 96%] Built target more_interfaces__rosidl_typesupport_introspection_c__pyext
[3.986s] [ 96%] Built target more_interfaces__rosidl_typesupport_c__pyext
[3.986s] [ 96%] Built target more_interfaces__rosidl_typesupport_fastrtps_c__pyext
[7.869s] [100%] [32m[1mLinking CXX executable publish_address_book[0m
[8.088s] [100%] Built target publish_address_book
[8.105s] Invoked command in '/home/hmuegyi/Documents/Test_Ros2_ws/build/more_interfaces' returned '0': CMAKE_PREFIX_PATH=${CMAKE_PREFIX_PATH}:/opt/ros/humble /usr/bin/cmake --build /home/hmuegyi/Documents/Test_Ros2_ws/build/more_interfaces -- -j12 -l12
[8.107s] Invoking command in '/home/hmuegyi/Documents/Test_Ros2_ws/build/more_interfaces': CMAKE_PREFIX_PATH=${CMAKE_PREFIX_PATH}:/opt/ros/humble /usr/bin/cmake --install /home/hmuegyi/Documents/Test_Ros2_ws/build/more_interfaces
[8.118s] -- Install configuration: ""
[8.118s] -- Installing: /home/hmuegyi/Documents/Test_Ros2_ws/install/more_interfaces/share/ament_index/resource_index/rosidl_interfaces/more_interfaces
[8.119s] -- Installing: /home/hmuegyi/Documents/Test_Ros2_ws/install/more_interfaces/include/more_interfaces/more_interfaces
[8.119s] -- Installing: /home/hmuegyi/Documents/Test_Ros2_ws/install/more_interfaces/include/more_interfaces/more_interfaces/msg
[8.119s] -- Installing: /home/hmuegyi/Documents/Test_Ros2_ws/install/more_interfaces/include/more_interfaces/more_interfaces/msg/rosidl_generator_c__visibility_control.h
[8.119s] -- Installing: /home/hmuegyi/Documents/Test_Ros2_ws/install/more_interfaces/include/more_interfaces/more_interfaces/msg/address_book.h
[8.119s] -- Installing: /home/hmuegyi/Documents/Test_Ros2_ws/install/more_interfaces/include/more_interfaces/more_interfaces/msg/detail
[8.120s] -- Installing: /home/hmuegyi/Documents/Test_Ros2_ws/install/more_interfaces/include/more_interfaces/more_interfaces/msg/detail/address_book__functions.h
[8.120s] -- Installing: /home/hmuegyi/Documents/Test_Ros2_ws/install/more_interfaces/include/more_interfaces/more_interfaces/msg/detail/address_book__struct.h
[8.120s] -- Installing: /home/hmuegyi/Documents/Test_Ros2_ws/install/more_interfaces/include/more_interfaces/more_interfaces/msg/detail/address_book__functions.c
[8.120s] -- Installing: /home/hmuegyi/Documents/Test_Ros2_ws/install/more_interfaces/include/more_interfaces/more_interfaces/msg/detail/address_book__type_support.h
[8.120s] -- Installing: /home/hmuegyi/Documents/Test_Ros2_ws/install/more_interfaces/share/more_interfaces/environment/library_path.sh
[8.121s] -- Installing: /home/hmuegyi/Documents/Test_Ros2_ws/install/more_interfaces/share/more_interfaces/environment/library_path.dsv
[8.121s] -- Installing: /home/hmuegyi/Documents/Test_Ros2_ws/install/more_interfaces/lib/libmore_interfaces__rosidl_generator_c.so
[8.121s] -- Set runtime path of "/home/hmuegyi/Documents/Test_Ros2_ws/install/more_interfaces/lib/libmore_interfaces__rosidl_generator_c.so" to ""
[8.122s] -- Up-to-date: /home/hmuegyi/Documents/Test_Ros2_ws/install/more_interfaces/include/more_interfaces/more_interfaces
[8.122s] -- Up-to-date: /home/hmuegyi/Documents/Test_Ros2_ws/install/more_interfaces/include/more_interfaces/more_interfaces/msg
[8.122s] -- Installing: /home/hmuegyi/Documents/Test_Ros2_ws/install/more_interfaces/include/more_interfaces/more_interfaces/msg/rosidl_typesupport_fastrtps_c__visibility_control.h
[8.122s] -- Up-to-date: /home/hmuegyi/Documents/Test_Ros2_ws/install/more_interfaces/include/more_interfaces/more_interfaces/msg/detail
[8.122s] -- Installing: /home/hmuegyi/Documents/Test_Ros2_ws/install/more_interfaces/include/more_interfaces/more_interfaces/msg/detail/address_book__rosidl_typesupport_fastrtps_c.h
[8.122s] -- Installing: /home/hmuegyi/Documents/Test_Ros2_ws/install/more_interfaces/lib/libmore_interfaces__rosidl_typesupport_fastrtps_c.so
[8.123s] -- Set runtime path of "/home/hmuegyi/Documents/Test_Ros2_ws/install/more_interfaces/lib/libmore_interfaces__rosidl_typesupport_fastrtps_c.so" to ""
[8.123s] -- Up-to-date: /home/hmuegyi/Documents/Test_Ros2_ws/install/more_interfaces/include/more_interfaces/more_interfaces
[8.123s] -- Up-to-date: /home/hmuegyi/Documents/Test_Ros2_ws/install/more_interfaces/include/more_interfaces/more_interfaces/msg
[8.123s] -- Installing: /home/hmuegyi/Documents/Test_Ros2_ws/install/more_interfaces/include/more_interfaces/more_interfaces/msg/address_book.hpp
[8.123s] -- Installing: /home/hmuegyi/Documents/Test_Ros2_ws/install/more_interfaces/include/more_interfaces/more_interfaces/msg/rosidl_generator_cpp__visibility_control.hpp
[8.123s] -- Up-to-date: /home/hmuegyi/Documents/Test_Ros2_ws/install/more_interfaces/include/more_interfaces/more_interfaces/msg/detail
[8.123s] -- Installing: /home/hmuegyi/Documents/Test_Ros2_ws/install/more_interfaces/include/more_interfaces/more_interfaces/msg/detail/address_book__struct.hpp
[8.124s] -- Installing: /home/hmuegyi/Documents/Test_Ros2_ws/install/more_interfaces/include/more_interfaces/more_interfaces/msg/detail/address_book__traits.hpp
[8.124s] -- Installing: /home/hmuegyi/Documents/Test_Ros2_ws/install/more_interfaces/include/more_interfaces/more_interfaces/msg/detail/address_book__type_support.hpp
[8.124s] -- Installing: /home/hmuegyi/Documents/Test_Ros2_ws/install/more_interfaces/include/more_interfaces/more_interfaces/msg/detail/address_book__builder.hpp
[8.124s] -- Up-to-date: /home/hmuegyi/Documents/Test_Ros2_ws/install/more_interfaces/include/more_interfaces/more_interfaces
[8.124s] -- Up-to-date: /home/hmuegyi/Documents/Test_Ros2_ws/install/more_interfaces/include/more_interfaces/more_interfaces/msg
[8.124s] -- Installing: /home/hmuegyi/Documents/Test_Ros2_ws/install/more_interfaces/include/more_interfaces/more_interfaces/msg/rosidl_typesupport_fastrtps_cpp__visibility_control.h
[8.124s] -- Up-to-date: /home/hmuegyi/Documents/Test_Ros2_ws/install/more_interfaces/include/more_interfaces/more_interfaces/msg/detail
[8.125s] -- Installing: /home/hmuegyi/Documents/Test_Ros2_ws/install/more_interfaces/include/more_interfaces/more_interfaces/msg/detail/address_book__rosidl_typesupport_fastrtps_cpp.hpp
[8.125s] -- Installing: /home/hmuegyi/Documents/Test_Ros2_ws/install/more_interfaces/include/more_interfaces/more_interfaces/msg/detail/dds_fastrtps
[8.125s] -- Installing: /home/hmuegyi/Documents/Test_Ros2_ws/install/more_interfaces/lib/libmore_interfaces__rosidl_typesupport_fastrtps_cpp.so
[8.125s] -- Set runtime path of "/home/hmuegyi/Documents/Test_Ros2_ws/install/more_interfaces/lib/libmore_interfaces__rosidl_typesupport_fastrtps_cpp.so" to ""
[8.126s] -- Up-to-date: /home/hmuegyi/Documents/Test_Ros2_ws/install/more_interfaces/include/more_interfaces/more_interfaces
[8.126s] -- Up-to-date: /home/hmuegyi/Documents/Test_Ros2_ws/install/more_interfaces/include/more_interfaces/more_interfaces/msg
[8.126s] -- Up-to-date: /home/hmuegyi/Documents/Test_Ros2_ws/install/more_interfaces/include/more_interfaces/more_interfaces/msg/detail
[8.126s] -- Installing: /home/hmuegyi/Documents/Test_Ros2_ws/install/more_interfaces/include/more_interfaces/more_interfaces/msg/detail/address_book__type_support.c
[8.126s] -- Installing: /home/hmuegyi/Documents/Test_Ros2_ws/install/more_interfaces/include/more_interfaces/more_interfaces/msg/detail/address_book__rosidl_typesupport_introspection_c.h
[8.126s] -- Installing: /home/hmuegyi/Documents/Test_Ros2_ws/install/more_interfaces/include/more_interfaces/more_interfaces/msg/rosidl_typesupport_introspection_c__visibility_control.h
[8.126s] -- Installing: /home/hmuegyi/Documents/Test_Ros2_ws/install/more_interfaces/lib/libmore_interfaces__rosidl_typesupport_introspection_c.so
[8.127s] -- Set runtime path of "/home/hmuegyi/Documents/Test_Ros2_ws/install/more_interfaces/lib/libmore_interfaces__rosidl_typesupport_introspection_c.so" to ""
[8.127s] -- Installing: /home/hmuegyi/Documents/Test_Ros2_ws/install/more_interfaces/lib/libmore_interfaces__rosidl_typesupport_c.so
[8.127s] -- Set runtime path of "/home/hmuegyi/Documents/Test_Ros2_ws/install/more_interfaces/lib/libmore_interfaces__rosidl_typesupport_c.so" to ""
[8.127s] -- Up-to-date: /home/hmuegyi/Documents/Test_Ros2_ws/install/more_interfaces/include/more_interfaces/more_interfaces
[8.127s] -- Up-to-date: /home/hmuegyi/Documents/Test_Ros2_ws/install/more_interfaces/include/more_interfaces/more_interfaces/msg
[8.128s] -- Up-to-date: /home/hmuegyi/Documents/Test_Ros2_ws/install/more_interfaces/include/more_interfaces/more_interfaces/msg/detail
[8.128s] -- Installing: /home/hmuegyi/Documents/Test_Ros2_ws/install/more_interfaces/include/more_interfaces/more_interfaces/msg/detail/address_book__rosidl_typesupport_introspection_cpp.hpp
[8.128s] -- Installing: /home/hmuegyi/Documents/Test_Ros2_ws/install/more_interfaces/include/more_interfaces/more_interfaces/msg/detail/address_book__type_support.cpp
[8.128s] -- Installing: /home/hmuegyi/Documents/Test_Ros2_ws/install/more_interfaces/lib/libmore_interfaces__rosidl_typesupport_introspection_cpp.so
[8.128s] -- Set runtime path of "/home/hmuegyi/Documents/Test_Ros2_ws/install/more_interfaces/lib/libmore_interfaces__rosidl_typesupport_introspection_cpp.so" to ""
[8.129s] -- Installing: /home/hmuegyi/Documents/Test_Ros2_ws/install/more_interfaces/lib/libmore_interfaces__rosidl_typesupport_cpp.so
[8.129s] -- Set runtime path of "/home/hmuegyi/Documents/Test_Ros2_ws/install/more_interfaces/lib/libmore_interfaces__rosidl_typesupport_cpp.so" to ""
[8.129s] -- Installing: /home/hmuegyi/Documents/Test_Ros2_ws/install/more_interfaces/share/more_interfaces/environment/pythonpath.sh
[8.129s] -- Installing: /home/hmuegyi/Documents/Test_Ros2_ws/install/more_interfaces/share/more_interfaces/environment/pythonpath.dsv
[8.130s] -- Installing: /home/hmuegyi/Documents/Test_Ros2_ws/install/more_interfaces/local/lib/python3.10/dist-packages/more_interfaces-0.0.0-py3.10.egg-info
[8.130s] -- Installing: /home/hmuegyi/Documents/Test_Ros2_ws/install/more_interfaces/local/lib/python3.10/dist-packages/more_interfaces-0.0.0-py3.10.egg-info/SOURCES.txt
[8.130s] -- Installing: /home/hmuegyi/Documents/Test_Ros2_ws/install/more_interfaces/local/lib/python3.10/dist-packages/more_interfaces-0.0.0-py3.10.egg-info/dependency_links.txt
[8.130s] -- Installing: /home/hmuegyi/Documents/Test_Ros2_ws/install/more_interfaces/local/lib/python3.10/dist-packages/more_interfaces-0.0.0-py3.10.egg-info/top_level.txt
[8.130s] -- Installing: /home/hmuegyi/Documents/Test_Ros2_ws/install/more_interfaces/local/lib/python3.10/dist-packages/more_interfaces-0.0.0-py3.10.egg-info/PKG-INFO
[8.131s] -- Installing: /home/hmuegyi/Documents/Test_Ros2_ws/install/more_interfaces/local/lib/python3.10/dist-packages/more_interfaces
[8.131s] -- Installing: /home/hmuegyi/Documents/Test_Ros2_ws/install/more_interfaces/local/lib/python3.10/dist-packages/more_interfaces/libmore_interfaces__rosidl_generator_py.so
[8.131s] -- Installing: /home/hmuegyi/Documents/Test_Ros2_ws/install/more_interfaces/local/lib/python3.10/dist-packages/more_interfaces/more_interfaces_s__rosidl_typesupport_fastrtps_c.cpython-310-x86_64-linux-gnu.so
[8.131s] -- Installing: /home/hmuegyi/Documents/Test_Ros2_ws/install/more_interfaces/local/lib/python3.10/dist-packages/more_interfaces/__init__.py
[8.131s] -- Installing: /home/hmuegyi/Documents/Test_Ros2_ws/install/more_interfaces/local/lib/python3.10/dist-packages/more_interfaces/_more_interfaces_s.ep.rosidl_typesupport_c.c
[8.131s] -- Installing: /home/hmuegyi/Documents/Test_Ros2_ws/install/more_interfaces/local/lib/python3.10/dist-packages/more_interfaces/_more_interfaces_s.ep.rosidl_typesupport_introspection_c.c
[8.132s] -- Installing: /home/hmuegyi/Documents/Test_Ros2_ws/install/more_interfaces/local/lib/python3.10/dist-packages/more_interfaces/more_interfaces_s__rosidl_typesupport_introspection_c.cpython-310-x86_64-linux-gnu.so
[8.132s] -- Installing: /home/hmuegyi/Documents/Test_Ros2_ws/install/more_interfaces/local/lib/python3.10/dist-packages/more_interfaces/msg
[8.132s] -- Installing: /home/hmuegyi/Documents/Test_Ros2_ws/install/more_interfaces/local/lib/python3.10/dist-packages/more_interfaces/msg/__init__.py
[8.132s] -- Installing: /home/hmuegyi/Documents/Test_Ros2_ws/install/more_interfaces/local/lib/python3.10/dist-packages/more_interfaces/msg/_address_book_s.c
[8.133s] -- Installing: /home/hmuegyi/Documents/Test_Ros2_ws/install/more_interfaces/local/lib/python3.10/dist-packages/more_interfaces/msg/_address_book.py
[8.133s] -- Installing: /home/hmuegyi/Documents/Test_Ros2_ws/install/more_interfaces/local/lib/python3.10/dist-packages/more_interfaces/more_interfaces_s__rosidl_typesupport_c.cpython-310-x86_64-linux-gnu.so
[8.133s] -- Installing: /home/hmuegyi/Documents/Test_Ros2_ws/install/more_interfaces/local/lib/python3.10/dist-packages/more_interfaces/_more_interfaces_s.ep.rosidl_typesupport_fastrtps_c.c
[8.176s] Listing '/home/hmuegyi/Documents/Test_Ros2_ws/install/more_interfaces/local/lib/python3.10/dist-packages/more_interfaces'...
[8.176s] Compiling '/home/hmuegyi/Documents/Test_Ros2_ws/install/more_interfaces/local/lib/python3.10/dist-packages/more_interfaces/__init__.py'...
[8.176s] Listing '/home/hmuegyi/Documents/Test_Ros2_ws/install/more_interfaces/local/lib/python3.10/dist-packages/more_interfaces/msg'...
[8.176s] Compiling '/home/hmuegyi/Documents/Test_Ros2_ws/install/more_interfaces/local/lib/python3.10/dist-packages/more_interfaces/msg/__init__.py'...
[8.176s] Compiling '/home/hmuegyi/Documents/Test_Ros2_ws/install/more_interfaces/local/lib/python3.10/dist-packages/more_interfaces/msg/_address_book.py'...
[8.182s] -- Installing: /home/hmuegyi/Documents/Test_Ros2_ws/install/more_interfaces/local/lib/python3.10/dist-packages/more_interfaces/more_interfaces_s__rosidl_typesupport_fastrtps_c.cpython-310-x86_64-linux-gnu.so
[8.183s] -- Set runtime path of "/home/hmuegyi/Documents/Test_Ros2_ws/install/more_interfaces/local/lib/python3.10/dist-packages/more_interfaces/more_interfaces_s__rosidl_typesupport_fastrtps_c.cpython-310-x86_64-linux-gnu.so" to ""
[8.183s] -- Installing: /home/hmuegyi/Documents/Test_Ros2_ws/install/more_interfaces/local/lib/python3.10/dist-packages/more_interfaces/more_interfaces_s__rosidl_typesupport_introspection_c.cpython-310-x86_64-linux-gnu.so
[8.184s] -- Set runtime path of "/home/hmuegyi/Documents/Test_Ros2_ws/install/more_interfaces/local/lib/python3.10/dist-packages/more_interfaces/more_interfaces_s__rosidl_typesupport_introspection_c.cpython-310-x86_64-linux-gnu.so" to ""
[8.184s] -- Installing: /home/hmuegyi/Documents/Test_Ros2_ws/install/more_interfaces/local/lib/python3.10/dist-packages/more_interfaces/more_interfaces_s__rosidl_typesupport_c.cpython-310-x86_64-linux-gnu.so
[8.184s] -- Set runtime path of "/home/hmuegyi/Documents/Test_Ros2_ws/install/more_interfaces/local/lib/python3.10/dist-packages/more_interfaces/more_interfaces_s__rosidl_typesupport_c.cpython-310-x86_64-linux-gnu.so" to ""
[8.184s] -- Installing: /home/hmuegyi/Documents/Test_Ros2_ws/install/more_interfaces/lib/libmore_interfaces__rosidl_generator_py.so
[8.185s] -- Set runtime path of "/home/hmuegyi/Documents/Test_Ros2_ws/install/more_interfaces/lib/libmore_interfaces__rosidl_generator_py.so" to ""
[8.185s] -- Installing: /home/hmuegyi/Documents/Test_Ros2_ws/install/more_interfaces/share/more_interfaces/msg/AddressBook.idl
[8.186s] -- Installing: /home/hmuegyi/Documents/Test_Ros2_ws/install/more_interfaces/share/more_interfaces/msg/AddressBook.msg
[8.186s] -- Installing: /home/hmuegyi/Documents/Test_Ros2_ws/install/more_interfaces/lib/more_interfaces/publish_address_book
[8.188s] -- Set runtime path of "/home/hmuegyi/Documents/Test_Ros2_ws/install/more_interfaces/lib/more_interfaces/publish_address_book" to ""
[8.188s] -- Installing: /home/hmuegyi/Documents/Test_Ros2_ws/install/more_interfaces/share/ament_index/resource_index/package_run_dependencies/more_interfaces
[8.188s] -- Up-to-date: /home/hmuegyi/Documents/Test_Ros2_ws/install/more_interfaces/share/ament_index/resource_index/parent_prefix_path/more_interfaces
[8.189s] -- Up-to-date: /home/hmuegyi/Documents/Test_Ros2_ws/install/more_interfaces/share/more_interfaces/environment/ament_prefix_path.sh
[8.189s] -- Installing: /home/hmuegyi/Documents/Test_Ros2_ws/install/more_interfaces/share/more_interfaces/environment/ament_prefix_path.dsv
[8.189s] -- Up-to-date: /home/hmuegyi/Documents/Test_Ros2_ws/install/more_interfaces/share/more_interfaces/environment/path.sh
[8.189s] -- Installing: /home/hmuegyi/Documents/Test_Ros2_ws/install/more_interfaces/share/more_interfaces/environment/path.dsv
[8.189s] -- Up-to-date: /home/hmuegyi/Documents/Test_Ros2_ws/install/more_interfaces/share/more_interfaces/local_setup.bash
[8.189s] -- Installing: /home/hmuegyi/Documents/Test_Ros2_ws/install/more_interfaces/share/more_interfaces/local_setup.sh
[8.189s] -- Up-to-date: /home/hmuegyi/Documents/Test_Ros2_ws/install/more_interfaces/share/more_interfaces/local_setup.zsh
[8.189s] -- Installing: /home/hmuegyi/Documents/Test_Ros2_ws/install/more_interfaces/share/more_interfaces/local_setup.dsv
[8.190s] -- Installing: /home/hmuegyi/Documents/Test_Ros2_ws/install/more_interfaces/share/more_interfaces/package.dsv
[8.190s] -- Up-to-date: /home/hmuegyi/Documents/Test_Ros2_ws/install/more_interfaces/share/ament_index/resource_index/packages/more_interfaces
[8.190s] -- Installing: /home/hmuegyi/Documents/Test_Ros2_ws/install/more_interfaces/share/more_interfaces/cmake/export_more_interfaces__rosidl_generator_cExport.cmake
[8.190s] -- Installing: /home/hmuegyi/Documents/Test_Ros2_ws/install/more_interfaces/share/more_interfaces/cmake/export_more_interfaces__rosidl_generator_cExport-noconfig.cmake
[8.190s] -- Installing: /home/hmuegyi/Documents/Test_Ros2_ws/install/more_interfaces/share/more_interfaces/cmake/export_more_interfaces__rosidl_typesupport_fastrtps_cExport.cmake
[8.191s] -- Installing: /home/hmuegyi/Documents/Test_Ros2_ws/install/more_interfaces/share/more_interfaces/cmake/export_more_interfaces__rosidl_typesupport_fastrtps_cExport-noconfig.cmake
[8.191s] -- Installing: /home/hmuegyi/Documents/Test_Ros2_ws/install/more_interfaces/share/more_interfaces/cmake/export_more_interfaces__rosidl_generator_cppExport.cmake
[8.191s] -- Installing: /home/hmuegyi/Documents/Test_Ros2_ws/install/more_interfaces/share/more_interfaces/cmake/export_more_interfaces__rosidl_typesupport_fastrtps_cppExport.cmake
[8.191s] -- Installing: /home/hmuegyi/Documents/Test_Ros2_ws/install/more_interfaces/share/more_interfaces/cmake/export_more_interfaces__rosidl_typesupport_fastrtps_cppExport-noconfig.cmake
[8.192s] -- Installing: /home/hmuegyi/Documents/Test_Ros2_ws/install/more_interfaces/share/more_interfaces/cmake/more_interfaces__rosidl_typesupport_introspection_cExport.cmake
[8.192s] -- Installing: /home/hmuegyi/Documents/Test_Ros2_ws/install/more_interfaces/share/more_interfaces/cmake/more_interfaces__rosidl_typesupport_introspection_cExport-noconfig.cmake
[8.193s] -- Installing: /home/hmuegyi/Documents/Test_Ros2_ws/install/more_interfaces/share/more_interfaces/cmake/more_interfaces__rosidl_typesupport_cExport.cmake
[8.193s] -- Installing: /home/hmuegyi/Documents/Test_Ros2_ws/install/more_interfaces/share/more_interfaces/cmake/more_interfaces__rosidl_typesupport_cExport-noconfig.cmake
[8.193s] -- Installing: /home/hmuegyi/Documents/Test_Ros2_ws/install/more_interfaces/share/more_interfaces/cmake/more_interfaces__rosidl_typesupport_introspection_cppExport.cmake
[8.193s] -- Installing: /home/hmuegyi/Documents/Test_Ros2_ws/install/more_interfaces/share/more_interfaces/cmake/more_interfaces__rosidl_typesupport_introspection_cppExport-noconfig.cmake
[8.194s] -- Installing: /home/hmuegyi/Documents/Test_Ros2_ws/install/more_interfaces/share/more_interfaces/cmake/more_interfaces__rosidl_typesupport_cppExport.cmake
[8.194s] -- Installing: /home/hmuegyi/Documents/Test_Ros2_ws/install/more_interfaces/share/more_interfaces/cmake/more_interfaces__rosidl_typesupport_cppExport-noconfig.cmake
[8.194s] -- Installing: /home/hmuegyi/Documents/Test_Ros2_ws/install/more_interfaces/share/more_interfaces/cmake/export_more_interfaces__rosidl_generator_pyExport.cmake
[8.194s] -- Installing: /home/hmuegyi/Documents/Test_Ros2_ws/install/more_interfaces/share/more_interfaces/cmake/export_more_interfaces__rosidl_generator_pyExport-noconfig.cmake
[8.195s] -- Installing: /home/hmuegyi/Documents/Test_Ros2_ws/install/more_interfaces/share/more_interfaces/cmake/rosidl_cmake-extras.cmake
[8.195s] -- Installing: /home/hmuegyi/Documents/Test_Ros2_ws/install/more_interfaces/share/more_interfaces/cmake/ament_cmake_export_include_directories-extras.cmake
[8.195s] -- Installing: /home/hmuegyi/Documents/Test_Ros2_ws/install/more_interfaces/share/more_interfaces/cmake/ament_cmake_export_libraries-extras.cmake
[8.195s] -- Installing: /home/hmuegyi/Documents/Test_Ros2_ws/install/more_interfaces/share/more_interfaces/cmake/ament_cmake_export_targets-extras.cmake
[8.196s] -- Installing: /home/hmuegyi/Documents/Test_Ros2_ws/install/more_interfaces/share/more_interfaces/cmake/rosidl_cmake_export_typesupport_targets-extras.cmake
[8.196s] -- Installing: /home/hmuegyi/Documents/Test_Ros2_ws/install/more_interfaces/share/more_interfaces/cmake/ament_cmake_export_dependencies-extras.cmake
[8.196s] -- Installing: /home/hmuegyi/Documents/Test_Ros2_ws/install/more_interfaces/share/more_interfaces/cmake/rosidl_cmake_export_typesupport_libraries-extras.cmake
[8.196s] -- Installing: /home/hmuegyi/Documents/Test_Ros2_ws/install/more_interfaces/share/more_interfaces/cmake/more_interfacesConfig.cmake
[8.197s] -- Up-to-date: /home/hmuegyi/Documents/Test_Ros2_ws/install/more_interfaces/share/more_interfaces/cmake/more_interfacesConfig-version.cmake
[8.197s] -- Installing: /home/hmuegyi/Documents/Test_Ros2_ws/install/more_interfaces/share/more_interfaces/package.xml
[8.201s] Invoked command in '/home/hmuegyi/Documents/Test_Ros2_ws/build/more_interfaces' returned '0': CMAKE_PREFIX_PATH=${CMAKE_PREFIX_PATH}:/opt/ros/humble /usr/bin/cmake --install /home/hmuegyi/Documents/Test_Ros2_ws/build/more_interfaces
